        -:    0:Source:/googletest/googletest/include/gtest/internal/gtest-port.h
        -:    0:Graph:PracticeTest.gcno
        -:    0:Data:PracticeTest.gcda
        -:    0:Runs:1
        -:    0:Programs:1
        -:    1:// Copyright 2005, Google Inc.
        -:    2:// All rights reserved.
        -:    3://
        -:    4:// Redistribution and use in source and binary forms, with or without
        -:    5:// modification, are permitted provided that the following conditions are
        -:    6:// met:
        -:    7://
        -:    8://     * Redistributions of source code must retain the above copyright
        -:    9:// notice, this list of conditions and the following disclaimer.
        -:   10://     * Redistributions in binary form must reproduce the above
        -:   11:// copyright notice, this list of conditions and the following disclaimer
        -:   12:// in the documentation and/or other materials provided with the
        -:   13:// distribution.
        -:   14://     * Neither the name of Google Inc. nor the names of its
        -:   15:// contributors may be used to endorse or promote products derived from
        -:   16:// this software without specific prior written permission.
        -:   17://
        -:   18:// THIS SOFTWARE IS PROVIDED BY THE COPYRIGHT HOLDERS AND CONTRIBUTORS
        -:   19:// "AS IS" AND ANY EXPRESS OR IMPLIED WARRANTIES, INCLUDING, BUT NOT
        -:   20:// LIMITED TO, THE IMPLIED WARRANTIES OF MERCHANTABILITY AND FITNESS FOR
        -:   21:// A PARTICULAR PURPOSE ARE DISCLAIMED. IN NO EVENT SHALL THE COPYRIGHT
        -:   22:// OWNER OR CONTRIBUTORS BE LIABLE FOR ANY DIRECT, INDIRECT, INCIDENTAL,
        -:   23:// SPECIAL, EXEMPLARY, OR CONSEQUENTIAL DAMAGES (INCLUDING, BUT NOT
        -:   24:// LIMITED TO, PROCUREMENT OF SUBSTITUTE GOODS OR SERVICES; LOSS OF USE,
        -:   25:// DATA, OR PROFITS; OR BUSINESS INTERRUPTION) HOWEVER CAUSED AND ON ANY
        -:   26:// THEORY OF LIABILITY, WHETHER IN CONTRACT, STRICT LIABILITY, OR TORT
        -:   27:// (INCLUDING NEGLIGENCE OR OTHERWISE) ARISING IN ANY WAY OUT OF THE USE
        -:   28:// OF THIS SOFTWARE, EVEN IF ADVISED OF THE POSSIBILITY OF SUCH DAMAGE.
        -:   29:
        -:   30:// Low-level types and utilities for porting Google Test to various
        -:   31:// platforms.  All macros ending with _ and symbols defined in an
        -:   32:// internal namespace are subject to change without notice.  Code
        -:   33:// outside Google Test MUST NOT USE THEM DIRECTLY.  Macros that don't
        -:   34:// end with _ are part of Google Test's public API and can be used by
        -:   35:// code outside Google Test.
        -:   36://
        -:   37:// This file is fundamental to Google Test.  All other Google Test source
        -:   38:// files are expected to #include this.  Therefore, it cannot #include
        -:   39:// any other Google Test header.
        -:   40:
        -:   41:// IWYU pragma: private, include "gtest/gtest.h"
        -:   42:// IWYU pragma: friend gtest/.*
        -:   43:// IWYU pragma: friend gmock/.*
        -:   44:
        -:   45:#ifndef GOOGLETEST_INCLUDE_GTEST_INTERNAL_GTEST_PORT_H_
        -:   46:#define GOOGLETEST_INCLUDE_GTEST_INTERNAL_GTEST_PORT_H_
        -:   47:
        -:   48:// Environment-describing macros
        -:   49:// -----------------------------
        -:   50://
        -:   51:// Google Test can be used in many different environments.  Macros in
        -:   52:// this section tell Google Test what kind of environment it is being
        -:   53:// used in, such that Google Test can provide environment-specific
        -:   54:// features and implementations.
        -:   55://
        -:   56:// Google Test tries to automatically detect the properties of its
        -:   57:// environment, so users usually don't need to worry about these
        -:   58:// macros.  However, the automatic detection is not perfect.
        -:   59:// Sometimes it's necessary for a user to define some of the following
        -:   60:// macros in the build script to override Google Test's decisions.
        -:   61://
        -:   62:// If the user doesn't define a macro in the list, Google Test will
        -:   63:// provide a default definition.  After this header is #included, all
        -:   64:// macros in this list will be defined to either 1 or 0.
        -:   65://
        -:   66:// Notes to maintainers:
        -:   67://   - Each macro here is a user-tweakable knob; do not grow the list
        -:   68://     lightly.
        -:   69://   - Use #if to key off these macros.  Don't use #ifdef or "#if
        -:   70://     defined(...)", which will not work as these macros are ALWAYS
        -:   71://     defined.
        -:   72://
        -:   73://   GTEST_HAS_CLONE          - Define it to 1/0 to indicate that clone(2)
        -:   74://                              is/isn't available.
        -:   75://   GTEST_HAS_EXCEPTIONS     - Define it to 1/0 to indicate that exceptions
        -:   76://                              are enabled.
        -:   77://   GTEST_HAS_POSIX_RE       - Define it to 1/0 to indicate that POSIX regular
        -:   78://                              expressions are/aren't available.
        -:   79://   GTEST_HAS_PTHREAD        - Define it to 1/0 to indicate that <pthread.h>
        -:   80://                              is/isn't available.
        -:   81://   GTEST_HAS_RTTI           - Define it to 1/0 to indicate that RTTI is/isn't
        -:   82://                              enabled.
        -:   83://   GTEST_HAS_STD_WSTRING    - Define it to 1/0 to indicate that
        -:   84://                              std::wstring does/doesn't work (Google Test can
        -:   85://                              be used where std::wstring is unavailable).
        -:   86://   GTEST_HAS_SEH            - Define it to 1/0 to indicate whether the
        -:   87://                              compiler supports Microsoft's "Structured
        -:   88://                              Exception Handling".
        -:   89://   GTEST_HAS_STREAM_REDIRECTION
        -:   90://                            - Define it to 1/0 to indicate whether the
        -:   91://                              platform supports I/O stream redirection using
        -:   92://                              dup() and dup2().
        -:   93://   GTEST_LINKED_AS_SHARED_LIBRARY
        -:   94://                            - Define to 1 when compiling tests that use
        -:   95://                              Google Test as a shared library (known as
        -:   96://                              DLL on Windows).
        -:   97://   GTEST_CREATE_SHARED_LIBRARY
        -:   98://                            - Define to 1 when compiling Google Test itself
        -:   99://                              as a shared library.
        -:  100://   GTEST_DEFAULT_DEATH_TEST_STYLE
        -:  101://                            - The default value of --gtest_death_test_style.
        -:  102://                              The legacy default has been "fast" in the open
        -:  103://                              source version since 2008. The recommended value
        -:  104://                              is "threadsafe", and can be set in
        -:  105://                              custom/gtest-port.h.
        -:  106:
        -:  107:// Platform-indicating macros
        -:  108:// --------------------------
        -:  109://
        -:  110:// Macros indicating the platform on which Google Test is being used
        -:  111:// (a macro is defined to 1 if compiled on the given platform;
        -:  112:// otherwise UNDEFINED -- it's never defined to 0.).  Google Test
        -:  113:// defines these macros automatically.  Code outside Google Test MUST
        -:  114:// NOT define them.
        -:  115://
        -:  116://   GTEST_OS_AIX      - IBM AIX
        -:  117://   GTEST_OS_CYGWIN   - Cygwin
        -:  118://   GTEST_OS_DRAGONFLY - DragonFlyBSD
        -:  119://   GTEST_OS_FREEBSD  - FreeBSD
        -:  120://   GTEST_OS_FUCHSIA  - Fuchsia
        -:  121://   GTEST_OS_GNU_HURD - GNU/Hurd
        -:  122://   GTEST_OS_GNU_KFREEBSD - GNU/kFreeBSD
        -:  123://   GTEST_OS_HAIKU    - Haiku
        -:  124://   GTEST_OS_HPUX     - HP-UX
        -:  125://   GTEST_OS_LINUX    - Linux
        -:  126://     GTEST_OS_LINUX_ANDROID - Google Android
        -:  127://   GTEST_OS_MAC      - Mac OS X
        -:  128://     GTEST_OS_IOS    - iOS
        -:  129://   GTEST_OS_NACL     - Google Native Client (NaCl)
        -:  130://   GTEST_OS_NETBSD   - NetBSD
        -:  131://   GTEST_OS_OPENBSD  - OpenBSD
        -:  132://   GTEST_OS_OS2      - OS/2
        -:  133://   GTEST_OS_QNX      - QNX
        -:  134://   GTEST_OS_SOLARIS  - Sun Solaris
        -:  135://   GTEST_OS_WINDOWS  - Windows (Desktop, MinGW, or Mobile)
        -:  136://     GTEST_OS_WINDOWS_DESKTOP  - Windows Desktop
        -:  137://     GTEST_OS_WINDOWS_MINGW    - MinGW
        -:  138://     GTEST_OS_WINDOWS_MOBILE   - Windows Mobile
        -:  139://     GTEST_OS_WINDOWS_PHONE    - Windows Phone
        -:  140://     GTEST_OS_WINDOWS_RT       - Windows Store App/WinRT
        -:  141://   GTEST_OS_ZOS      - z/OS
        -:  142://
        -:  143:// Among the platforms, Cygwin, Linux, Mac OS X, and Windows have the
        -:  144:// most stable support.  Since core members of the Google Test project
        -:  145:// don't have access to other platforms, support for them may be less
        -:  146:// stable.  If you notice any problems on your platform, please notify
        -:  147:// googletestframework@googlegroups.com (patches for fixing them are
        -:  148:// even more welcome!).
        -:  149://
        -:  150:// It is possible that none of the GTEST_OS_* macros are defined.
        -:  151:
        -:  152:// Feature-indicating macros
        -:  153:// -------------------------
        -:  154://
        -:  155:// Macros indicating which Google Test features are available (a macro
        -:  156:// is defined to 1 if the corresponding feature is supported;
        -:  157:// otherwise UNDEFINED -- it's never defined to 0.).  Google Test
        -:  158:// defines these macros automatically.  Code outside Google Test MUST
        -:  159:// NOT define them.
        -:  160://
        -:  161:// These macros are public so that portable tests can be written.
        -:  162:// Such tests typically surround code using a feature with an #if
        -:  163:// which controls that code.  For example:
        -:  164://
        -:  165:// #if GTEST_HAS_DEATH_TEST
        -:  166://   EXPECT_DEATH(DoSomethingDeadly());
        -:  167:// #endif
        -:  168://
        -:  169://   GTEST_HAS_DEATH_TEST   - death tests
        -:  170://   GTEST_HAS_TYPED_TEST   - typed tests
        -:  171://   GTEST_HAS_TYPED_TEST_P - type-parameterized tests
        -:  172://   GTEST_IS_THREADSAFE    - Google Test is thread-safe.
        -:  173://   GTEST_USES_POSIX_RE    - enhanced POSIX regex is used. Do not confuse with
        -:  174://                            GTEST_HAS_POSIX_RE (see above) which users can
        -:  175://                            define themselves.
        -:  176://   GTEST_USES_SIMPLE_RE   - our own simple regex is used;
        -:  177://                            the above RE\b(s) are mutually exclusive.
        -:  178:
        -:  179:// Misc public macros
        -:  180:// ------------------
        -:  181://
        -:  182://   GTEST_FLAG(flag_name)  - references the variable corresponding to
        -:  183://                            the given Google Test flag.
        -:  184:
        -:  185:// Internal utilities
        -:  186:// ------------------
        -:  187://
        -:  188:// The following macros and utilities are for Google Test's INTERNAL
        -:  189:// use only.  Code outside Google Test MUST NOT USE THEM DIRECTLY.
        -:  190://
        -:  191:// Macros for basic C++ coding:
        -:  192://   GTEST_AMBIGUOUS_ELSE_BLOCKER_ - for disabling a gcc warning.
        -:  193://   GTEST_ATTRIBUTE_UNUSED_  - declares that a class' instances or a
        -:  194://                              variable don't have to be used.
        -:  195://   GTEST_DISALLOW_COPY_AND_ASSIGN_ - disables copy ctor and operator=.
        -:  196://   GTEST_DISALLOW_MOVE_AND_ASSIGN_ - disables move ctor and operator=.
        -:  197://   GTEST_MUST_USE_RESULT_   - declares that a function's result must be used.
        -:  198://   GTEST_INTENTIONAL_CONST_COND_PUSH_ - start code section where MSVC C4127 is
        -:  199://                                        suppressed (constant conditional).
        -:  200://   GTEST_INTENTIONAL_CONST_COND_POP_  - finish code section where MSVC C4127
        -:  201://                                        is suppressed.
        -:  202://   GTEST_INTERNAL_HAS_ANY - for enabling UniversalPrinter<std::any> or
        -:  203://                            UniversalPrinter<absl::any> specializations.
        -:  204://   GTEST_INTERNAL_HAS_OPTIONAL - for enabling UniversalPrinter<std::optional>
        -:  205://   or
        -:  206://                                 UniversalPrinter<absl::optional>
        -:  207://                                 specializations.
        -:  208://   GTEST_INTERNAL_HAS_STRING_VIEW - for enabling Matcher<std::string_view> or
        -:  209://                                    Matcher<absl::string_view>
        -:  210://                                    specializations.
        -:  211://   GTEST_INTERNAL_HAS_VARIANT - for enabling UniversalPrinter<std::variant> or
        -:  212://                                UniversalPrinter<absl::variant>
        -:  213://                                specializations.
        -:  214://
        -:  215:// Synchronization:
        -:  216://   Mutex, MutexLock, ThreadLocal, GetThreadCount()
        -:  217://                            - synchronization primitives.
        -:  218://
        -:  219:// Regular expressions:
        -:  220://   RE             - a simple regular expression class using the POSIX
        -:  221://                    Extended Regular Expression syntax on UNIX-like platforms
        -:  222://                    or a reduced regular exception syntax on other
        -:  223://                    platforms, including Windows.
        -:  224:// Logging:
        -:  225://   GTEST_LOG_()   - logs messages at the specified severity level.
        -:  226://   LogToStderr()  - directs all log messages to stderr.
        -:  227://   FlushInfoLog() - flushes informational log messages.
        -:  228://
        -:  229:// Stdout and stderr capturing:
        -:  230://   CaptureStdout()     - starts capturing stdout.
        -:  231://   GetCapturedStdout() - stops capturing stdout and returns the captured
        -:  232://                         string.
        -:  233://   CaptureStderr()     - starts capturing stderr.
        -:  234://   GetCapturedStderr() - stops capturing stderr and returns the captured
        -:  235://                         string.
        -:  236://
        -:  237:// Integer types:
        -:  238://   TypeWithSize   - maps an integer to a int type.
        -:  239://   TimeInMillis   - integers of known sizes.
        -:  240://   BiggestInt     - the biggest signed integer type.
        -:  241://
        -:  242:// Command-line utilities:
        -:  243://   GetInjectableArgvs() - returns the command line as a vector of strings.
        -:  244://
        -:  245:// Environment variable utilities:
        -:  246://   GetEnv()             - gets the value of an environment variable.
        -:  247://   BoolFromGTestEnv()   - parses a bool environment variable.
        -:  248://   Int32FromGTestEnv()  - parses an int32_t environment variable.
        -:  249://   StringFromGTestEnv() - parses a string environment variable.
        -:  250://
        -:  251:// Deprecation warnings:
        -:  252://   GTEST_INTERNAL_DEPRECATED(message) - attribute marking a function as
        -:  253://                                        deprecated; calling a marked function
        -:  254://                                        should generate a compiler warning
        -:  255:
        -:  256:#include <ctype.h>   // for isspace, etc
        -:  257:#include <stddef.h>  // for ptrdiff_t
        -:  258:#include <stdio.h>
        -:  259:#include <stdlib.h>
        -:  260:#include <string.h>
        -:  261:
        -:  262:#include <cerrno>
        -:  263:// #include <condition_variable>  // Guarded by GTEST_IS_THREADSAFE below
        -:  264:#include <cstdint>
        -:  265:#include <iostream>
        -:  266:#include <limits>
        -:  267:#include <locale>
        -:  268:#include <memory>
        -:  269:#include <string>
        -:  270:// #include <mutex>  // Guarded by GTEST_IS_THREADSAFE below
        -:  271:#include <tuple>
        -:  272:#include <type_traits>
        -:  273:#include <vector>
        -:  274:
        -:  275:#ifndef _WIN32_WCE
        -:  276:#include <sys/stat.h>
        -:  277:#include <sys/types.h>
        -:  278:#endif  // !_WIN32_WCE
        -:  279:
        -:  280:#if defined __APPLE__
        -:  281:#include <AvailabilityMacros.h>
        -:  282:#include <TargetConditionals.h>
        -:  283:#endif
        -:  284:
        -:  285:#include "gtest/internal/custom/gtest-port.h"
        -:  286:#include "gtest/internal/gtest-port-arch.h"
        -:  287:
        -:  288:#if GTEST_HAS_ABSL
        -:  289:#include "absl/flags/declare.h"
        -:  290:#include "absl/flags/flag.h"
        -:  291:#include "absl/flags/reflection.h"
        -:  292:#endif
        -:  293:
        -:  294:#if !defined(GTEST_DEV_EMAIL_)
        -:  295:#define GTEST_DEV_EMAIL_ "googletestframework@@googlegroups.com"
        -:  296:#define GTEST_FLAG_PREFIX_ "gtest_"
        -:  297:#define GTEST_FLAG_PREFIX_DASH_ "gtest-"
        -:  298:#define GTEST_FLAG_PREFIX_UPPER_ "GTEST_"
        -:  299:#define GTEST_NAME_ "Google Test"
        -:  300:#define GTEST_PROJECT_URL_ "https://github.com/google/googletest/"
        -:  301:#endif  // !defined(GTEST_DEV_EMAIL_)
        -:  302:
        -:  303:#if !defined(GTEST_INIT_GOOGLE_TEST_NAME_)
        -:  304:#define GTEST_INIT_GOOGLE_TEST_NAME_ "testing::InitGoogleTest"
        -:  305:#endif  // !defined(GTEST_INIT_GOOGLE_TEST_NAME_)
        -:  306:
        -:  307:// Determines the version of gcc that is used to compile this.
        -:  308:#ifdef __GNUC__
        -:  309:// 40302 means version 4.3.2.
        -:  310:#define GTEST_GCC_VER_ \
        -:  311:  (__GNUC__ * 10000 + __GNUC_MINOR__ * 100 + __GNUC_PATCHLEVEL__)
        -:  312:#endif  // __GNUC__
        -:  313:
        -:  314:// Macros for disabling Microsoft Visual C++ warnings.
        -:  315://
        -:  316://   GTEST_DISABLE_MSC_WARNINGS_PUSH_(4800 4385)
        -:  317://   /* code that triggers warnings C4800 and C4385 */
        -:  318://   GTEST_DISABLE_MSC_WARNINGS_POP_()
        -:  319:#if defined(_MSC_VER)
        -:  320:#define GTEST_DISABLE_MSC_WARNINGS_PUSH_(warnings) \
        -:  321:  __pragma(warning(push)) __pragma(warning(disable : warnings))
        -:  322:#define GTEST_DISABLE_MSC_WARNINGS_POP_() __pragma(warning(pop))
        -:  323:#else
        -:  324:// Not all compilers are MSVC
        -:  325:#define GTEST_DISABLE_MSC_WARNINGS_PUSH_(warnings)
        -:  326:#define GTEST_DISABLE_MSC_WARNINGS_POP_()
        -:  327:#endif
        -:  328:
        -:  329:// Clang on Windows does not understand MSVC's pragma warning.
        -:  330:// We need clang-specific way to disable function deprecation warning.
        -:  331:#ifdef __clang__
        -:  332:#define GTEST_DISABLE_MSC_DEPRECATED_PUSH_()                            \
        -:  333:  _Pragma("clang diagnostic push")                                      \
        -:  334:      _Pragma("clang diagnostic ignored \"-Wdeprecated-declarations\"") \
        -:  335:          _Pragma("clang diagnostic ignored \"-Wdeprecated-implementations\"")
        -:  336:#define GTEST_DISABLE_MSC_DEPRECATED_POP_() _Pragma("clang diagnostic pop")
        -:  337:#else
        -:  338:#define GTEST_DISABLE_MSC_DEPRECATED_PUSH_() \
        -:  339:  GTEST_DISABLE_MSC_WARNINGS_PUSH_(4996)
        -:  340:#define GTEST_DISABLE_MSC_DEPRECATED_POP_() GTEST_DISABLE_MSC_WARNINGS_POP_()
        -:  341:#endif
        -:  342:
        -:  343:// Brings in definitions for functions used in the testing::internal::posix
        -:  344:// namespace (read, write, close, chdir, isatty, stat). We do not currently
        -:  345:// use them on Windows Mobile.
        -:  346:#if GTEST_OS_WINDOWS
        -:  347:#if !GTEST_OS_WINDOWS_MOBILE
        -:  348:#include <direct.h>
        -:  349:#include <io.h>
        -:  350:#endif
        -:  351:// In order to avoid having to include <windows.h>, use forward declaration
        -:  352:#if GTEST_OS_WINDOWS_MINGW && !defined(__MINGW64_VERSION_MAJOR)
        -:  353:// MinGW defined _CRITICAL_SECTION and _RTL_CRITICAL_SECTION as two
        -:  354:// separate (equivalent) structs, instead of using typedef
        -:  355:typedef struct _CRITICAL_SECTION GTEST_CRITICAL_SECTION;
        -:  356:#else
        -:  357:// Assume CRITICAL_SECTION is a typedef of _RTL_CRITICAL_SECTION.
        -:  358:// This assumption is verified by
        -:  359:// WindowsTypesTest.CRITICAL_SECTIONIs_RTL_CRITICAL_SECTION.
        -:  360:typedef struct _RTL_CRITICAL_SECTION GTEST_CRITICAL_SECTION;
        -:  361:#endif
        -:  362:#elif GTEST_OS_XTENSA
        -:  363:#include <unistd.h>
        -:  364:// Xtensa toolchains define strcasecmp in the string.h header instead of
        -:  365:// strings.h. string.h is already included.
        -:  366:#else
        -:  367:// This assumes that non-Windows OSes provide unistd.h. For OSes where this
        -:  368:// is not the case, we need to include headers that provide the functions
        -:  369:// mentioned above.
        -:  370:#include <strings.h>
        -:  371:#include <unistd.h>
        -:  372:#endif  // GTEST_OS_WINDOWS
        -:  373:
        -:  374:#if GTEST_OS_LINUX_ANDROID
        -:  375:// Used to define __ANDROID_API__ matching the target NDK API level.
        -:  376:#include <android/api-level.h>  // NOLINT
        -:  377:#endif
        -:  378:
        -:  379:// Defines this to true if and only if Google Test can use POSIX regular
        -:  380:// expressions.
        -:  381:#ifndef GTEST_HAS_POSIX_RE
        -:  382:#if GTEST_OS_LINUX_ANDROID
        -:  383:// On Android, <regex.h> is only available starting with Gingerbread.
        -:  384:#define GTEST_HAS_POSIX_RE (__ANDROID_API__ >= 9)
        -:  385:#else
        -:  386:#define GTEST_HAS_POSIX_RE (!GTEST_OS_WINDOWS && !GTEST_OS_XTENSA)
        -:  387:#endif
        -:  388:#endif
        -:  389:
        -:  390:#if GTEST_USES_PCRE
        -:  391:// The appropriate headers have already been included.
        -:  392:
        -:  393:#elif GTEST_HAS_POSIX_RE
        -:  394:
        -:  395:// On some platforms, <regex.h> needs someone to define size_t, and
        -:  396:// won't compile otherwise.  We can #include it here as we already
        -:  397:// included <stdlib.h>, which is guaranteed to define size_t through
        -:  398:// <stddef.h>.
        -:  399:#include <regex.h>  // NOLINT
        -:  400:
        -:  401:#define GTEST_USES_POSIX_RE 1
        -:  402:
        -:  403:#elif GTEST_OS_WINDOWS
        -:  404:
        -:  405:// <regex.h> is not available on Windows.  Use our own simple regex
        -:  406:// implementation instead.
        -:  407:#define GTEST_USES_SIMPLE_RE 1
        -:  408:
        -:  409:#else
        -:  410:
        -:  411:// <regex.h> may not be available on this platform.  Use our own
        -:  412:// simple regex implementation instead.
        -:  413:#define GTEST_USES_SIMPLE_RE 1
        -:  414:
        -:  415:#endif  // GTEST_USES_PCRE
        -:  416:
        -:  417:#ifndef GTEST_HAS_EXCEPTIONS
        -:  418:// The user didn't tell us whether exceptions are enabled, so we need
        -:  419:// to figure it out.
        -:  420:#if defined(_MSC_VER) && defined(_CPPUNWIND)
        -:  421:// MSVC defines _CPPUNWIND to 1 if and only if exceptions are enabled.
        -:  422:#define GTEST_HAS_EXCEPTIONS 1
        -:  423:#elif defined(__BORLANDC__)
        -:  424:// C++Builder's implementation of the STL uses the _HAS_EXCEPTIONS
        -:  425:// macro to enable exceptions, so we'll do the same.
        -:  426:// Assumes that exceptions are enabled by default.
        -:  427:#ifndef _HAS_EXCEPTIONS
        -:  428:#define _HAS_EXCEPTIONS 1
        -:  429:#endif  // _HAS_EXCEPTIONS
        -:  430:#define GTEST_HAS_EXCEPTIONS _HAS_EXCEPTIONS
        -:  431:#elif defined(__clang__)
        -:  432:// clang defines __EXCEPTIONS if and only if exceptions are enabled before clang
        -:  433:// 220714, but if and only if cleanups are enabled after that. In Obj-C++ files,
        -:  434:// there can be cleanups for ObjC exceptions which also need cleanups, even if
        -:  435:// C++ exceptions are disabled. clang has __has_feature(cxx_exceptions) which
        -:  436:// checks for C++ exceptions starting at clang r206352, but which checked for
        -:  437:// cleanups prior to that. To reliably check for C++ exception availability with
        -:  438:// clang, check for
        -:  439:// __EXCEPTIONS && __has_feature(cxx_exceptions).
        -:  440:#define GTEST_HAS_EXCEPTIONS (__EXCEPTIONS && __has_feature(cxx_exceptions))
        -:  441:#elif defined(__GNUC__) && __EXCEPTIONS
        -:  442:// gcc defines __EXCEPTIONS to 1 if and only if exceptions are enabled.
        -:  443:#define GTEST_HAS_EXCEPTIONS 1
        -:  444:#elif defined(__SUNPRO_CC)
        -:  445:// Sun Pro CC supports exceptions.  However, there is no compile-time way of
        -:  446:// detecting whether they are enabled or not.  Therefore, we assume that
        -:  447:// they are enabled unless the user tells us otherwise.
        -:  448:#define GTEST_HAS_EXCEPTIONS 1
        -:  449:#elif defined(__IBMCPP__) && __EXCEPTIONS
        -:  450:// xlC defines __EXCEPTIONS to 1 if and only if exceptions are enabled.
        -:  451:#define GTEST_HAS_EXCEPTIONS 1
        -:  452:#elif defined(__HP_aCC)
        -:  453:// Exception handling is in effect by default in HP aCC compiler. It has to
        -:  454:// be turned of by +noeh compiler option if desired.
        -:  455:#define GTEST_HAS_EXCEPTIONS 1
        -:  456:#else
        -:  457:// For other compilers, we assume exceptions are disabled to be
        -:  458:// conservative.
        -:  459:#define GTEST_HAS_EXCEPTIONS 0
        -:  460:#endif  // defined(_MSC_VER) || defined(__BORLANDC__)
        -:  461:#endif  // GTEST_HAS_EXCEPTIONS
        -:  462:
        -:  463:#ifndef GTEST_HAS_STD_WSTRING
        -:  464:// The user didn't tell us whether ::std::wstring is available, so we need
        -:  465:// to figure it out.
        -:  466:// Cygwin 1.7 and below doesn't support ::std::wstring.
        -:  467:// Solaris' libc++ doesn't support it either.  Android has
        -:  468:// no support for it at least as recent as Froyo (2.2).
        -:  469:#define GTEST_HAS_STD_WSTRING                                         \
        -:  470:  (!(GTEST_OS_LINUX_ANDROID || GTEST_OS_CYGWIN || GTEST_OS_SOLARIS || \
        -:  471:     GTEST_OS_HAIKU || GTEST_OS_ESP32 || GTEST_OS_ESP8266 || GTEST_OS_XTENSA))
        -:  472:
        -:  473:#endif  // GTEST_HAS_STD_WSTRING
        -:  474:
        -:  475:// Determines whether RTTI is available.
        -:  476:#ifndef GTEST_HAS_RTTI
        -:  477:// The user didn't tell us whether RTTI is enabled, so we need to
        -:  478:// figure it out.
        -:  479:
        -:  480:#ifdef _MSC_VER
        -:  481:
        -:  482:#ifdef _CPPRTTI  // MSVC defines this macro if and only if RTTI is enabled.
        -:  483:#define GTEST_HAS_RTTI 1
        -:  484:#else
        -:  485:#define GTEST_HAS_RTTI 0
        -:  486:#endif
        -:  487:
        -:  488:// Starting with version 4.3.2, gcc defines __GXX_RTTI if and only if RTTI is
        -:  489:// enabled.
        -:  490:#elif defined(__GNUC__)
        -:  491:
        -:  492:#ifdef __GXX_RTTI
        -:  493:// When building against STLport with the Android NDK and with
        -:  494:// -frtti -fno-exceptions, the build fails at link time with undefined
        -:  495:// references to __cxa_bad_typeid. Note sure if STL or toolchain bug,
        -:  496:// so disable RTTI when detected.
        -:  497:#if GTEST_OS_LINUX_ANDROID && defined(_STLPORT_MAJOR) && !defined(__EXCEPTIONS)
        -:  498:#define GTEST_HAS_RTTI 0
        -:  499:#else
        -:  500:#define GTEST_HAS_RTTI 1
        -:  501:#endif  // GTEST_OS_LINUX_ANDROID && __STLPORT_MAJOR && !__EXCEPTIONS
        -:  502:#else
        -:  503:#define GTEST_HAS_RTTI 0
        -:  504:#endif  // __GXX_RTTI
        -:  505:
        -:  506:// Clang defines __GXX_RTTI starting with version 3.0, but its manual recommends
        -:  507:// using has_feature instead. has_feature(cxx_rtti) is supported since 2.7, the
        -:  508:// first version with C++ support.
        -:  509:#elif defined(__clang__)
        -:  510:
        -:  511:#define GTEST_HAS_RTTI __has_feature(cxx_rtti)
        -:  512:
        -:  513:// Starting with version 9.0 IBM Visual Age defines __RTTI_ALL__ to 1 if
        -:  514:// both the typeid and dynamic_cast features are present.
        -:  515:#elif defined(__IBMCPP__) && (__IBMCPP__ >= 900)
        -:  516:
        -:  517:#ifdef __RTTI_ALL__
        -:  518:#define GTEST_HAS_RTTI 1
        -:  519:#else
        -:  520:#define GTEST_HAS_RTTI 0
        -:  521:#endif
        -:  522:
        -:  523:#else
        -:  524:
        -:  525:// For all other compilers, we assume RTTI is enabled.
        -:  526:#define GTEST_HAS_RTTI 1
        -:  527:
        -:  528:#endif  // _MSC_VER
        -:  529:
        -:  530:#endif  // GTEST_HAS_RTTI
        -:  531:
        -:  532:// It's this header's responsibility to #include <typeinfo> when RTTI
        -:  533:// is enabled.
        -:  534:#if GTEST_HAS_RTTI
        -:  535:#include <typeinfo>
        -:  536:#endif
        -:  537:
        -:  538:// Determines whether Google Test can use the pthreads library.
        -:  539:#ifndef GTEST_HAS_PTHREAD
        -:  540:// The user didn't tell us explicitly, so we make reasonable assumptions about
        -:  541:// which platforms have pthreads support.
        -:  542://
        -:  543:// To disable threading support in Google Test, add -DGTEST_HAS_PTHREAD=0
        -:  544:// to your compiler flags.
        -:  545:#define GTEST_HAS_PTHREAD                                                      \
        -:  546:  (GTEST_OS_LINUX || GTEST_OS_MAC || GTEST_OS_HPUX || GTEST_OS_QNX ||          \
        -:  547:   GTEST_OS_FREEBSD || GTEST_OS_NACL || GTEST_OS_NETBSD || GTEST_OS_FUCHSIA || \
        -:  548:   GTEST_OS_DRAGONFLY || GTEST_OS_GNU_KFREEBSD || GTEST_OS_OPENBSD ||          \
        -:  549:   GTEST_OS_HAIKU || GTEST_OS_GNU_HURD)
        -:  550:#endif  // GTEST_HAS_PTHREAD
        -:  551:
        -:  552:#if GTEST_HAS_PTHREAD
        -:  553:// gtest-port.h guarantees to #include <pthread.h> when GTEST_HAS_PTHREAD is
        -:  554:// true.
        -:  555:#include <pthread.h>  // NOLINT
        -:  556:
        -:  557:// For timespec and nanosleep, used below.
        -:  558:#include <time.h>  // NOLINT
        -:  559:#endif
        -:  560:
        -:  561:// Determines whether clone(2) is supported.
        -:  562:// Usually it will only be available on Linux, excluding
        -:  563:// Linux on the Itanium architecture.
        -:  564:// Also see http://linux.die.net/man/2/clone.
        -:  565:#ifndef GTEST_HAS_CLONE
        -:  566:// The user didn't tell us, so we need to figure it out.
        -:  567:
        -:  568:#if GTEST_OS_LINUX && !defined(__ia64__)
        -:  569:#if GTEST_OS_LINUX_ANDROID
        -:  570:// On Android, clone() became available at different API levels for each 32-bit
        -:  571:// architecture.
        -:  572:#if defined(__LP64__) || (defined(__arm__) && __ANDROID_API__ >= 9) || \
        -:  573:    (defined(__mips__) && __ANDROID_API__ >= 12) ||                    \
        -:  574:    (defined(__i386__) && __ANDROID_API__ >= 17)
        -:  575:#define GTEST_HAS_CLONE 1
        -:  576:#else
        -:  577:#define GTEST_HAS_CLONE 0
        -:  578:#endif
        -:  579:#else
        -:  580:#define GTEST_HAS_CLONE 1
        -:  581:#endif
        -:  582:#else
        -:  583:#define GTEST_HAS_CLONE 0
        -:  584:#endif  // GTEST_OS_LINUX && !defined(__ia64__)
        -:  585:
        -:  586:#endif  // GTEST_HAS_CLONE
        -:  587:
        -:  588:// Determines whether to support stream redirection. This is used to test
        -:  589:// output correctness and to implement death tests.
        -:  590:#ifndef GTEST_HAS_STREAM_REDIRECTION
        -:  591:// By default, we assume that stream redirection is supported on all
        -:  592:// platforms except known mobile ones.
        -:  593:#if GTEST_OS_WINDOWS_MOBILE || GTEST_OS_WINDOWS_PHONE || \
        -:  594:    GTEST_OS_WINDOWS_RT || GTEST_OS_ESP8266 || GTEST_OS_XTENSA
        -:  595:#define GTEST_HAS_STREAM_REDIRECTION 0
        -:  596:#else
        -:  597:#define GTEST_HAS_STREAM_REDIRECTION 1
        -:  598:#endif  // !GTEST_OS_WINDOWS_MOBILE
        -:  599:#endif  // GTEST_HAS_STREAM_REDIRECTION
        -:  600:
        -:  601:// Determines whether to support death tests.
        -:  602:// pops up a dialog window that cannot be suppressed programmatically.
        -:  603:#if (GTEST_OS_LINUX || GTEST_OS_CYGWIN || GTEST_OS_SOLARIS ||             \
        -:  604:     (GTEST_OS_MAC && !GTEST_OS_IOS) ||                                   \
        -:  605:     (GTEST_OS_WINDOWS_DESKTOP && _MSC_VER) || GTEST_OS_WINDOWS_MINGW ||  \
        -:  606:     GTEST_OS_AIX || GTEST_OS_HPUX || GTEST_OS_OPENBSD || GTEST_OS_QNX || \
        -:  607:     GTEST_OS_FREEBSD || GTEST_OS_NETBSD || GTEST_OS_FUCHSIA ||           \
        -:  608:     GTEST_OS_DRAGONFLY || GTEST_OS_GNU_KFREEBSD || GTEST_OS_HAIKU ||     \
        -:  609:     GTEST_OS_GNU_HURD)
        -:  610:#define GTEST_HAS_DEATH_TEST 1
        -:  611:#endif
        -:  612:
        -:  613:// Determines whether to support type-driven tests.
        -:  614:
        -:  615:// Typed tests need <typeinfo> and variadic macros, which GCC, VC++ 8.0,
        -:  616:// Sun Pro CC, IBM Visual Age, and HP aCC support.
        -:  617:#if defined(__GNUC__) || defined(_MSC_VER) || defined(__SUNPRO_CC) || \
        -:  618:    defined(__IBMCPP__) || defined(__HP_aCC)
        -:  619:#define GTEST_HAS_TYPED_TEST 1
        -:  620:#define GTEST_HAS_TYPED_TEST_P 1
        -:  621:#endif
        -:  622:
        -:  623:// Determines whether the system compiler uses UTF-16 for encoding wide strings.
        -:  624:#define GTEST_WIDE_STRING_USES_UTF16_ \
        -:  625:  (GTEST_OS_WINDOWS || GTEST_OS_CYGWIN || GTEST_OS_AIX || GTEST_OS_OS2)
        -:  626:
        -:  627:// Determines whether test results can be streamed to a socket.
        -:  628:#if GTEST_OS_LINUX || GTEST_OS_GNU_KFREEBSD || GTEST_OS_DRAGONFLY || \
        -:  629:    GTEST_OS_FREEBSD || GTEST_OS_NETBSD || GTEST_OS_OPENBSD ||       \
        -:  630:    GTEST_OS_GNU_HURD
        -:  631:#define GTEST_CAN_STREAM_RESULTS_ 1
        -:  632:#endif
        -:  633:
        -:  634:// Defines some utility macros.
        -:  635:
        -:  636:// The GNU compiler emits a warning if nested "if" statements are followed by
        -:  637:// an "else" statement and braces are not used to explicitly disambiguate the
        -:  638:// "else" binding.  This leads to problems with code like:
        -:  639://
        -:  640://   if (gate)
        -:  641://     ASSERT_*(condition) << "Some message";
        -:  642://
        -:  643:// The "switch (0) case 0:" idiom is used to suppress this.
        -:  644:#ifdef __INTEL_COMPILER
        -:  645:#define GTEST_AMBIGUOUS_ELSE_BLOCKER_
        -:  646:#else
        -:  647:#define GTEST_AMBIGUOUS_ELSE_BLOCKER_ \
        -:  648:  switch (0)                          \
        -:  649:  case 0:                             \
        -:  650:  default:  // NOLINT
        -:  651:#endif
        -:  652:
        -:  653:// Use this annotation at the end of a struct/class definition to
        -:  654:// prevent the compiler from optimizing away instances that are never
        -:  655:// used.  This is useful when all interesting logic happens inside the
        -:  656:// c'tor and / or d'tor.  Example:
        -:  657://
        -:  658://   struct Foo {
        -:  659://     Foo() { ... }
        -:  660://   } GTEST_ATTRIBUTE_UNUSED_;
        -:  661://
        -:  662:// Also use it after a variable or parameter declaration to tell the
        -:  663:// compiler the variable/parameter does not have to be used.
        -:  664:#if defined(__GNUC__) && !defined(COMPILER_ICC)
        -:  665:#define GTEST_ATTRIBUTE_UNUSED_ __attribute__((unused))
        -:  666:#elif defined(__clang__)
        -:  667:#if __has_attribute(unused)
        -:  668:#define GTEST_ATTRIBUTE_UNUSED_ __attribute__((unused))
        -:  669:#endif
        -:  670:#endif
        -:  671:#ifndef GTEST_ATTRIBUTE_UNUSED_
        -:  672:#define GTEST_ATTRIBUTE_UNUSED_
        -:  673:#endif
        -:  674:
        -:  675:// Use this annotation before a function that takes a printf format string.
        -:  676:#if (defined(__GNUC__) || defined(__clang__)) && !defined(COMPILER_ICC)
        -:  677:#if defined(__MINGW_PRINTF_FORMAT)
        -:  678:// MinGW has two different printf implementations. Ensure the format macro
        -:  679:// matches the selected implementation. See
        -:  680:// https://sourceforge.net/p/mingw-w64/wiki2/gnu%20printf/.
        -:  681:#define GTEST_ATTRIBUTE_PRINTF_(string_index, first_to_check) \
        -:  682:  __attribute__((                                             \
        -:  683:      __format__(__MINGW_PRINTF_FORMAT, string_index, first_to_check)))
        -:  684:#else
        -:  685:#define GTEST_ATTRIBUTE_PRINTF_(string_index, first_to_check) \
        -:  686:  __attribute__((__format__(__printf__, string_index, first_to_check)))
        -:  687:#endif
        -:  688:#else
        -:  689:#define GTEST_ATTRIBUTE_PRINTF_(string_index, first_to_check)
        -:  690:#endif
        -:  691:
        -:  692:// A macro to disallow copy constructor and operator=
        -:  693:// This should be used in the private: declarations for a class.
        -:  694:// NOLINT is for modernize-use-trailing-return-type in macro uses.
        -:  695:#define GTEST_DISALLOW_COPY_AND_ASSIGN_(type) \
        -:  696:  type(type const&) = delete;                 \
        -:  697:  type& operator=(type const&) = delete /* NOLINT */
        -:  698:
        -:  699:// A macro to disallow move constructor and operator=
        -:  700:// This should be used in the private: declarations for a class.
        -:  701:// NOLINT is for modernize-use-trailing-return-type in macro uses.
        -:  702:#define GTEST_DISALLOW_MOVE_AND_ASSIGN_(type) \
        -:  703:  type(type&&) noexcept = delete;             \
        -:  704:  type& operator=(type&&) noexcept = delete /* NOLINT */
        -:  705:
        -:  706:// Tell the compiler to warn about unused return values for functions declared
        -:  707:// with this macro.  The macro should be used on function declarations
        -:  708:// following the argument list:
        -:  709://
        -:  710://   Sprocket* AllocateSprocket() GTEST_MUST_USE_RESULT_;
        -:  711:#if defined(__GNUC__) && !defined(COMPILER_ICC)
        -:  712:#define GTEST_MUST_USE_RESULT_ __attribute__((warn_unused_result))
        -:  713:#else
        -:  714:#define GTEST_MUST_USE_RESULT_
        -:  715:#endif  // __GNUC__ && !COMPILER_ICC
        -:  716:
        -:  717:// MS C++ compiler emits warning when a conditional expression is compile time
        -:  718:// constant. In some contexts this warning is false positive and needs to be
        -:  719:// suppressed. Use the following two macros in such cases:
        -:  720://
        -:  721:// GTEST_INTENTIONAL_CONST_COND_PUSH_()
        -:  722:// while (true) {
        -:  723:// GTEST_INTENTIONAL_CONST_COND_POP_()
        -:  724:// }
        -:  725:#define GTEST_INTENTIONAL_CONST_COND_PUSH_() \
        -:  726:  GTEST_DISABLE_MSC_WARNINGS_PUSH_(4127)
        -:  727:#define GTEST_INTENTIONAL_CONST_COND_POP_() GTEST_DISABLE_MSC_WARNINGS_POP_()
        -:  728:
        -:  729:// Determine whether the compiler supports Microsoft's Structured Exception
        -:  730:// Handling.  This is supported by several Windows compilers but generally
        -:  731:// does not exist on any other system.
        -:  732:#ifndef GTEST_HAS_SEH
        -:  733:// The user didn't tell us, so we need to figure it out.
        -:  734:
        -:  735:#if defined(_MSC_VER) || defined(__BORLANDC__)
        -:  736:// These two compilers are known to support SEH.
        -:  737:#define GTEST_HAS_SEH 1
        -:  738:#else
        -:  739:// Assume no SEH.
        -:  740:#define GTEST_HAS_SEH 0
        -:  741:#endif
        -:  742:
        -:  743:#endif  // GTEST_HAS_SEH
        -:  744:
        -:  745:#ifndef GTEST_IS_THREADSAFE
        -:  746:
        -:  747:#define GTEST_IS_THREADSAFE                                                 \
        -:  748:  (GTEST_HAS_MUTEX_AND_THREAD_LOCAL_ ||                                     \
        -:  749:   (GTEST_OS_WINDOWS && !GTEST_OS_WINDOWS_PHONE && !GTEST_OS_WINDOWS_RT) || \
        -:  750:   GTEST_HAS_PTHREAD)
        -:  751:
        -:  752:#endif  // GTEST_IS_THREADSAFE
        -:  753:
        -:  754:#if GTEST_IS_THREADSAFE
        -:  755:// Some platforms don't support including these threading related headers.
        -:  756:#include <condition_variable>  // NOLINT
        -:  757:#include <mutex>               // NOLINT
        -:  758:#endif                         // GTEST_IS_THREADSAFE
        -:  759:
        -:  760:// GTEST_API_ qualifies all symbols that must be exported. The definitions below
        -:  761:// are guarded by #ifndef to give embedders a chance to define GTEST_API_ in
        -:  762:// gtest/internal/custom/gtest-port.h
        -:  763:#ifndef GTEST_API_
        -:  764:
        -:  765:#ifdef _MSC_VER
        -:  766:#if GTEST_LINKED_AS_SHARED_LIBRARY
        -:  767:#define GTEST_API_ __declspec(dllimport)
        -:  768:#elif GTEST_CREATE_SHARED_LIBRARY
        -:  769:#define GTEST_API_ __declspec(dllexport)
        -:  770:#endif
        -:  771:#elif __GNUC__ >= 4 || defined(__clang__)
        -:  772:#define GTEST_API_ __attribute__((visibility("default")))
        -:  773:#endif  // _MSC_VER
        -:  774:
        -:  775:#endif  // GTEST_API_
        -:  776:
        -:  777:#ifndef GTEST_API_
        -:  778:#define GTEST_API_
        -:  779:#endif  // GTEST_API_
        -:  780:
        -:  781:#ifndef GTEST_DEFAULT_DEATH_TEST_STYLE
        -:  782:#define GTEST_DEFAULT_DEATH_TEST_STYLE "fast"
        -:  783:#endif  // GTEST_DEFAULT_DEATH_TEST_STYLE
        -:  784:
        -:  785:#ifdef __GNUC__
        -:  786:// Ask the compiler to never inline a given function.
        -:  787:#define GTEST_NO_INLINE_ __attribute__((noinline))
        -:  788:#else
        -:  789:#define GTEST_NO_INLINE_
        -:  790:#endif
        -:  791:
        -:  792:#if defined(__clang__)
        -:  793:// Nested ifs to avoid triggering MSVC warning.
        -:  794:#if __has_attribute(disable_tail_calls)
        -:  795:// Ask the compiler not to perform tail call optimization inside
        -:  796:// the marked function.
        -:  797:#define GTEST_NO_TAIL_CALL_ __attribute__((disable_tail_calls))
        -:  798:#endif
        -:  799:#elif __GNUC__
        -:  800:#define GTEST_NO_TAIL_CALL_ \
        -:  801:  __attribute__((optimize("no-optimize-sibling-calls")))
        -:  802:#else
        -:  803:#define GTEST_NO_TAIL_CALL_
        -:  804:#endif
        -:  805:
        -:  806:// _LIBCPP_VERSION is defined by the libc++ library from the LLVM project.
        -:  807:#if !defined(GTEST_HAS_CXXABI_H_)
        -:  808:#if defined(__GLIBCXX__) || (defined(_LIBCPP_VERSION) && !defined(_MSC_VER))
        -:  809:#define GTEST_HAS_CXXABI_H_ 1
        -:  810:#else
        -:  811:#define GTEST_HAS_CXXABI_H_ 0
        -:  812:#endif
        -:  813:#endif
        -:  814:
        -:  815:// A function level attribute to disable checking for use of uninitialized
        -:  816:// memory when built with MemorySanitizer.
        -:  817:#if defined(__clang__)
        -:  818:#if __has_feature(memory_sanitizer)
        -:  819:#define GTEST_ATTRIBUTE_NO_SANITIZE_MEMORY_ __attribute__((no_sanitize_memory))
        -:  820:#else
        -:  821:#define GTEST_ATTRIBUTE_NO_SANITIZE_MEMORY_
        -:  822:#endif  // __has_feature(memory_sanitizer)
        -:  823:#else
        -:  824:#define GTEST_ATTRIBUTE_NO_SANITIZE_MEMORY_
        -:  825:#endif  // __clang__
        -:  826:
        -:  827:// A function level attribute to disable AddressSanitizer instrumentation.
        -:  828:#if defined(__clang__)
        -:  829:#if __has_feature(address_sanitizer)
        -:  830:#define GTEST_ATTRIBUTE_NO_SANITIZE_ADDRESS_ \
        -:  831:  __attribute__((no_sanitize_address))
        -:  832:#else
        -:  833:#define GTEST_ATTRIBUTE_NO_SANITIZE_ADDRESS_
        -:  834:#endif  // __has_feature(address_sanitizer)
        -:  835:#else
        -:  836:#define GTEST_ATTRIBUTE_NO_SANITIZE_ADDRESS_
        -:  837:#endif  // __clang__
        -:  838:
        -:  839:// A function level attribute to disable HWAddressSanitizer instrumentation.
        -:  840:#if defined(__clang__)
        -:  841:#if __has_feature(hwaddress_sanitizer)
        -:  842:#define GTEST_ATTRIBUTE_NO_SANITIZE_HWADDRESS_ \
        -:  843:  __attribute__((no_sanitize("hwaddress")))
        -:  844:#else
        -:  845:#define GTEST_ATTRIBUTE_NO_SANITIZE_HWADDRESS_
        -:  846:#endif  // __has_feature(hwaddress_sanitizer)
        -:  847:#else
        -:  848:#define GTEST_ATTRIBUTE_NO_SANITIZE_HWADDRESS_
        -:  849:#endif  // __clang__
        -:  850:
        -:  851:// A function level attribute to disable ThreadSanitizer instrumentation.
        -:  852:#if defined(__clang__)
        -:  853:#if __has_feature(thread_sanitizer)
        -:  854:#define GTEST_ATTRIBUTE_NO_SANITIZE_THREAD_ __attribute__((no_sanitize_thread))
        -:  855:#else
        -:  856:#define GTEST_ATTRIBUTE_NO_SANITIZE_THREAD_
        -:  857:#endif  // __has_feature(thread_sanitizer)
        -:  858:#else
        -:  859:#define GTEST_ATTRIBUTE_NO_SANITIZE_THREAD_
        -:  860:#endif  // __clang__
        -:  861:
        -:  862:namespace testing {
        -:  863:
        -:  864:class Message;
        -:  865:
        -:  866:// Legacy imports for backwards compatibility.
        -:  867:// New code should use std:: names directly.
        -:  868:using std::get;
        -:  869:using std::make_tuple;
        -:  870:using std::tuple;
        -:  871:using std::tuple_element;
        -:  872:using std::tuple_size;
        -:  873:
        -:  874:namespace internal {
        -:  875:
        -:  876:// A secret type that Google Test users don't know about.  It has no
        -:  877:// definition on purpose.  Therefore it's impossible to create a
        -:  878:// Secret object, which is what we want.
        -:  879:class Secret;
        -:  880:
        -:  881:// The GTEST_COMPILE_ASSERT_ is a legacy macro used to verify that a compile
        -:  882:// time expression is true (in new code, use static_assert instead). For
        -:  883:// example, you could use it to verify the size of a static array:
        -:  884://
        -:  885://   GTEST_COMPILE_ASSERT_(GTEST_ARRAY_SIZE_(names) == NUM_NAMES,
        -:  886://                         names_incorrect_size);
        -:  887://
        -:  888:// The second argument to the macro must be a valid C++ identifier. If the
        -:  889:// expression is false, compiler will issue an error containing this identifier.
        -:  890:#define GTEST_COMPILE_ASSERT_(expr, msg) static_assert(expr, #msg)
        -:  891:
        -:  892:// A helper for suppressing warnings on constant condition.  It just
        -:  893:// returns 'condition'.
        -:  894:GTEST_API_ bool IsTrue(bool condition);
        -:  895:
        -:  896:// Defines RE.
        -:  897:
        -:  898:#if GTEST_USES_PCRE
        -:  899:// if used, PCRE is injected by custom/gtest-port.h
        -:  900:#elif GTEST_USES_POSIX_RE || GTEST_USES_SIMPLE_RE
        -:  901:
        -:  902:// A simple C++ wrapper for <regex.h>.  It uses the POSIX Extended
        -:  903:// Regular Expression syntax.
        -:  904:class GTEST_API_ RE {
        -:  905: public:
        -:  906:  // A copy constructor is required by the Standard to initialize object
        -:  907:  // references from r-values.
        -:  908:  RE(const RE& other) { Init(other.pattern()); }
        -:  909:
        -:  910:  // Constructs an RE from a string.
        -:  911:  RE(const ::std::string& regex) { Init(regex.c_str()); }  // NOLINT
        -:  912:
        -:  913:  RE(const char* regex) { Init(regex); }  // NOLINT
        -:  914:  ~RE();
        -:  915:
        -:  916:  // Returns the string representation of the regex.
        -:  917:  const char* pattern() const { return pattern_; }
        -:  918:
        -:  919:  // FullMatch(str, re) returns true if and only if regular expression re
        -:  920:  // matches the entire str.
        -:  921:  // PartialMatch(str, re) returns true if and only if regular expression re
        -:  922:  // matches a substring of str (including str itself).
        -:  923:  static bool FullMatch(const ::std::string& str, const RE& re) {
        -:  924:    return FullMatch(str.c_str(), re);
        -:  925:  }
        -:  926:  static bool PartialMatch(const ::std::string& str, const RE& re) {
        -:  927:    return PartialMatch(str.c_str(), re);
        -:  928:  }
        -:  929:
        -:  930:  static bool FullMatch(const char* str, const RE& re);
        -:  931:  static bool PartialMatch(const char* str, const RE& re);
        -:  932:
        -:  933: private:
        -:  934:  void Init(const char* regex);
        -:  935:  const char* pattern_;
        -:  936:  bool is_valid_;
        -:  937:
        -:  938:#if GTEST_USES_POSIX_RE
        -:  939:
        -:  940:  regex_t full_regex_;     // For FullMatch().
        -:  941:  regex_t partial_regex_;  // For PartialMatch().
        -:  942:
        -:  943:#else  // GTEST_USES_SIMPLE_RE
        -:  944:
        -:  945:  const char* full_pattern_;  // For FullMatch();
        -:  946:
        -:  947:#endif
        -:  948:};
        -:  949:
        -:  950:#endif  // GTEST_USES_PCRE
        -:  951:
        -:  952:// Formats a source file path and a line number as they would appear
        -:  953:// in an error message from the compiler used to compile this code.
        -:  954:GTEST_API_ ::std::string FormatFileLocation(const char* file, int line);
        -:  955:
        -:  956:// Formats a file location for compiler-independent XML output.
        -:  957:// Although this function is not platform dependent, we put it next to
        -:  958:// FormatFileLocation in order to contrast the two functions.
        -:  959:GTEST_API_ ::std::string FormatCompilerIndependentFileLocation(const char* file,
        -:  960:                                                               int line);
        -:  961:
        -:  962:// Defines logging utilities:
        -:  963://   GTEST_LOG_(severity) - logs messages at the specified severity level. The
        -:  964://                          message itself is streamed into the macro.
        -:  965://   LogToStderr()  - directs all log messages to stderr.
        -:  966://   FlushInfoLog() - flushes informational log messages.
        -:  967:
        -:  968:enum GTestLogSeverity { GTEST_INFO, GTEST_WARNING, GTEST_ERROR, GTEST_FATAL };
        -:  969:
        -:  970:// Formats log entry severity, provides a stream object for streaming the
        -:  971:// log message, and terminates the message with a newline when going out of
        -:  972:// scope.
        -:  973:class GTEST_API_ GTestLog {
        -:  974: public:
        -:  975:  GTestLog(GTestLogSeverity severity, const char* file, int line);
        -:  976:
        -:  977:  // Flushes the buffers and, if severity is GTEST_FATAL, aborts the program.
        -:  978:  ~GTestLog();
        -:  979:
    #####:  980:  ::std::ostream& GetStream() { return ::std::cerr; }
        -:  981:
        -:  982: private:
        -:  983:  const GTestLogSeverity severity_;
        -:  984:
        -:  985:  GTEST_DISALLOW_COPY_AND_ASSIGN_(GTestLog);
        -:  986:};
        -:  987:
        -:  988:#if !defined(GTEST_LOG_)
        -:  989:
        -:  990:#define GTEST_LOG_(severity)                                           \
        -:  991:  ::testing::internal::GTestLog(::testing::internal::GTEST_##severity, \
        -:  992:                                __FILE__, __LINE__)                    \
        -:  993:      .GetStream()
        -:  994:
        -:  995:inline void LogToStderr() {}
        -:  996:inline void FlushInfoLog() { fflush(nullptr); }
        -:  997:
        -:  998:#endif  // !defined(GTEST_LOG_)
        -:  999:
        -: 1000:#if !defined(GTEST_CHECK_)
        -: 1001:// INTERNAL IMPLEMENTATION - DO NOT USE.
        -: 1002://
        -: 1003:// GTEST_CHECK_ is an all-mode assert. It aborts the program if the condition
        -: 1004:// is not satisfied.
        -: 1005://  Synopsis:
        -: 1006://    GTEST_CHECK_(boolean_condition);
        -: 1007://     or
        -: 1008://    GTEST_CHECK_(boolean_condition) << "Additional message";
        -: 1009://
        -: 1010://    This checks the condition and if the condition is not satisfied
        -: 1011://    it prints message about the condition violation, including the
        -: 1012://    condition itself, plus additional message streamed into it, if any,
        -: 1013://    and then it aborts the program. It aborts the program irrespective of
        -: 1014://    whether it is built in the debug mode or not.
        -: 1015:#define GTEST_CHECK_(condition)               \
        -: 1016:  GTEST_AMBIGUOUS_ELSE_BLOCKER_               \
        -: 1017:  if (::testing::internal::IsTrue(condition)) \
        -: 1018:    ;                                         \
        -: 1019:  else                                        \
        -: 1020:    GTEST_LOG_(FATAL) << "Condition " #condition " failed. "
        -: 1021:#endif  // !defined(GTEST_CHECK_)
        -: 1022:
        -: 1023:// An all-mode assert to verify that the given POSIX-style function
        -: 1024:// call returns 0 (indicating success).  Known limitation: this
        -: 1025:// doesn't expand to a balanced 'if' statement, so enclose the macro
        -: 1026:// in {} if you need to use it as the only statement in an 'if'
        -: 1027:// branch.
        -: 1028:#define GTEST_CHECK_POSIX_SUCCESS_(posix_call) \
        -: 1029:  if (const int gtest_error = (posix_call))    \
        -: 1030:  GTEST_LOG_(FATAL) << #posix_call << "failed with error " << gtest_error
        -: 1031:
        -: 1032:// Transforms "T" into "const T&" according to standard reference collapsing
        -: 1033:// rules (this is only needed as a backport for C++98 compilers that do not
        -: 1034:// support reference collapsing). Specifically, it transforms:
        -: 1035://
        -: 1036://   char         ==> const char&
        -: 1037://   const char   ==> const char&
        -: 1038://   char&        ==> char&
        -: 1039://   const char&  ==> const char&
        -: 1040://
        -: 1041:// Note that the non-const reference will not have "const" added. This is
        -: 1042:// standard, and necessary so that "T" can always bind to "const T&".
        -: 1043:template <typename T>
        -: 1044:struct ConstRef {
        -: 1045:  typedef const T& type;
        -: 1046:};
        -: 1047:template <typename T>
        -: 1048:struct ConstRef<T&> {
        -: 1049:  typedef T& type;
        -: 1050:};
        -: 1051:
        -: 1052:// The argument T must depend on some template parameters.
        -: 1053:#define GTEST_REFERENCE_TO_CONST_(T) \
        -: 1054:  typename ::testing::internal::ConstRef<T>::type
        -: 1055:
        -: 1056:// INTERNAL IMPLEMENTATION - DO NOT USE IN USER CODE.
        -: 1057://
        -: 1058:// Use ImplicitCast_ as a safe version of static_cast for upcasting in
        -: 1059:// the type hierarchy (e.g. casting a Foo* to a SuperclassOfFoo* or a
        -: 1060:// const Foo*).  When you use ImplicitCast_, the compiler checks that
        -: 1061:// the cast is safe.  Such explicit ImplicitCast_s are necessary in
        -: 1062:// surprisingly many situations where C++ demands an exact type match
        -: 1063:// instead of an argument type convertible to a target type.
        -: 1064://
        -: 1065:// The syntax for using ImplicitCast_ is the same as for static_cast:
        -: 1066://
        -: 1067://   ImplicitCast_<ToType>(expr)
        -: 1068://
        -: 1069:// ImplicitCast_ would have been part of the C++ standard library,
        -: 1070:// but the proposal was submitted too late.  It will probably make
        -: 1071:// its way into the language in the future.
        -: 1072://
        -: 1073:// This relatively ugly name is intentional. It prevents clashes with
        -: 1074:// similar functions users may have (e.g., implicit_cast). The internal
        -: 1075:// namespace alone is not enough because the function can be found by ADL.
        -: 1076:template <typename To>
        -: 1077:inline To ImplicitCast_(To x) {
        -: 1078:  return x;
        -: 1079:}
        -: 1080:
        -: 1081:// When you upcast (that is, cast a pointer from type Foo to type
        -: 1082:// SuperclassOfFoo), it's fine to use ImplicitCast_<>, since upcasts
        -: 1083:// always succeed.  When you downcast (that is, cast a pointer from
        -: 1084:// type Foo to type SubclassOfFoo), static_cast<> isn't safe, because
        -: 1085:// how do you know the pointer is really of type SubclassOfFoo?  It
        -: 1086:// could be a bare Foo, or of type DifferentSubclassOfFoo.  Thus,
        -: 1087:// when you downcast, you should use this macro.  In debug mode, we
        -: 1088:// use dynamic_cast<> to double-check the downcast is legal (we die
        -: 1089:// if it's not).  In normal mode, we do the efficient static_cast<>
        -: 1090:// instead.  Thus, it's important to test in debug mode to make sure
        -: 1091:// the cast is legal!
        -: 1092://    This is the only place in the code we should use dynamic_cast<>.
        -: 1093:// In particular, you SHOULDN'T be using dynamic_cast<> in order to
        -: 1094:// do RTTI (eg code like this:
        -: 1095://    if (dynamic_cast<Subclass1>(foo)) HandleASubclass1Object(foo);
        -: 1096://    if (dynamic_cast<Subclass2>(foo)) HandleASubclass2Object(foo);
        -: 1097:// You should design the code some other way not to need this.
        -: 1098://
        -: 1099:// This relatively ugly name is intentional. It prevents clashes with
        -: 1100:// similar functions users may have (e.g., down_cast). The internal
        -: 1101:// namespace alone is not enough because the function can be found by ADL.
        -: 1102:template <typename To, typename From>  // use like this: DownCast_<T*>(foo);
        -: 1103:inline To DownCast_(From* f) {         // so we only accept pointers
        -: 1104:  // Ensures that To is a sub-type of From *.  This test is here only
        -: 1105:  // for compile-time type checking, and has no overhead in an
        -: 1106:  // optimized build at run-time, as it will be optimized away
        -: 1107:  // completely.
        -: 1108:  GTEST_INTENTIONAL_CONST_COND_PUSH_()
        -: 1109:  if (false) {
        -: 1110:    GTEST_INTENTIONAL_CONST_COND_POP_()
        -: 1111:    const To to = nullptr;
        -: 1112:    ::testing::internal::ImplicitCast_<From*>(to);
        -: 1113:  }
        -: 1114:
        -: 1115:#if GTEST_HAS_RTTI
        -: 1116:  // RTTI: debug mode only!
        -: 1117:  GTEST_CHECK_(f == nullptr || dynamic_cast<To>(f) != nullptr);
        -: 1118:#endif
        -: 1119:  return static_cast<To>(f);
        -: 1120:}
        -: 1121:
        -: 1122:// Downcasts the pointer of type Base to Derived.
        -: 1123:// Derived must be a subclass of Base. The parameter MUST
        -: 1124:// point to a class of type Derived, not any subclass of it.
        -: 1125:// When RTTI is available, the function performs a runtime
        -: 1126:// check to enforce this.
        -: 1127:template <class Derived, class Base>
        -: 1128:Derived* CheckedDowncastToActualType(Base* base) {
        -: 1129:#if GTEST_HAS_RTTI
        -: 1130:  GTEST_CHECK_(typeid(*base) == typeid(Derived));
        -: 1131:#endif
        -: 1132:
        -: 1133:#if GTEST_HAS_DOWNCAST_
        -: 1134:  return ::down_cast<Derived*>(base);
        -: 1135:#elif GTEST_HAS_RTTI
        -: 1136:  return dynamic_cast<Derived*>(base);  // NOLINT
        -: 1137:#else
        -: 1138:  return static_cast<Derived*>(base);  // Poor man's downcast.
        -: 1139:#endif
        -: 1140:}
        -: 1141:
        -: 1142:#if GTEST_HAS_STREAM_REDIRECTION
        -: 1143:
        -: 1144:// Defines the stderr capturer:
        -: 1145://   CaptureStdout     - starts capturing stdout.
        -: 1146://   GetCapturedStdout - stops capturing stdout and returns the captured string.
        -: 1147://   CaptureStderr     - starts capturing stderr.
        -: 1148://   GetCapturedStderr - stops capturing stderr and returns the captured string.
        -: 1149://
        -: 1150:GTEST_API_ void CaptureStdout();
        -: 1151:GTEST_API_ std::string GetCapturedStdout();
        -: 1152:GTEST_API_ void CaptureStderr();
        -: 1153:GTEST_API_ std::string GetCapturedStderr();
        -: 1154:
        -: 1155:#endif  // GTEST_HAS_STREAM_REDIRECTION
        -: 1156:// Returns the size (in bytes) of a file.
        -: 1157:GTEST_API_ size_t GetFileSize(FILE* file);
        -: 1158:
        -: 1159:// Reads the entire content of a file as a string.
        -: 1160:GTEST_API_ std::string ReadEntireFile(FILE* file);
        -: 1161:
        -: 1162:// All command line arguments.
        -: 1163:GTEST_API_ std::vector<std::string> GetArgvs();
        -: 1164:
        -: 1165:#if GTEST_HAS_DEATH_TEST
        -: 1166:
        -: 1167:std::vector<std::string> GetInjectableArgvs();
        -: 1168:// Deprecated: pass the args vector by value instead.
        -: 1169:void SetInjectableArgvs(const std::vector<std::string>* new_argvs);
        -: 1170:void SetInjectableArgvs(const std::vector<std::string>& new_argvs);
        -: 1171:void ClearInjectableArgvs();
        -: 1172:
        -: 1173:#endif  // GTEST_HAS_DEATH_TEST
        -: 1174:
        -: 1175:// Defines synchronization primitives.
        -: 1176:#if GTEST_IS_THREADSAFE
        -: 1177:
        -: 1178:#if GTEST_OS_WINDOWS
        -: 1179:// Provides leak-safe Windows kernel handle ownership.
        -: 1180:// Used in death tests and in threading support.
        -: 1181:class GTEST_API_ AutoHandle {
        -: 1182: public:
        -: 1183:  // Assume that Win32 HANDLE type is equivalent to void*. Doing so allows us to
        -: 1184:  // avoid including <windows.h> in this header file. Including <windows.h> is
        -: 1185:  // undesirable because it defines a lot of symbols and macros that tend to
        -: 1186:  // conflict with client code. This assumption is verified by
        -: 1187:  // WindowsTypesTest.HANDLEIsVoidStar.
        -: 1188:  typedef void* Handle;
        -: 1189:  AutoHandle();
        -: 1190:  explicit AutoHandle(Handle handle);
        -: 1191:
        -: 1192:  ~AutoHandle();
        -: 1193:
        -: 1194:  Handle Get() const;
        -: 1195:  void Reset();
        -: 1196:  void Reset(Handle handle);
        -: 1197:
        -: 1198: private:
        -: 1199:  // Returns true if and only if the handle is a valid handle object that can be
        -: 1200:  // closed.
        -: 1201:  bool IsCloseable() const;
        -: 1202:
        -: 1203:  Handle handle_;
        -: 1204:
        -: 1205:  GTEST_DISALLOW_COPY_AND_ASSIGN_(AutoHandle);
        -: 1206:};
        -: 1207:#endif
        -: 1208:
        -: 1209:#if GTEST_HAS_NOTIFICATION_
        -: 1210:// Notification has already been imported into the namespace.
        -: 1211:// Nothing to do here.
        -: 1212:
        -: 1213:#else
        -: 1214:// Allows a controller thread to pause execution of newly created
        -: 1215:// threads until notified.  Instances of this class must be created
        -: 1216:// and destroyed in the controller thread.
        -: 1217://
        -: 1218:// This class is only for testing Google Test's own constructs. Do not
        -: 1219:// use it in user tests, either directly or indirectly.
        -: 1220:// TODO(b/203539622): Replace unconditionally with absl::Notification.
        -: 1221:class GTEST_API_ Notification {
        -: 1222: public:
        -: 1223:  Notification() : notified_(false) {}
        -: 1224:  Notification(const Notification&) = delete;
        -: 1225:  Notification& operator=(const Notification&) = delete;
        -: 1226:
        -: 1227:  // Notifies all threads created with this notification to start. Must
        -: 1228:  // be called from the controller thread.
        -: 1229:  void Notify() {
        -: 1230:    std::lock_guard<std::mutex> lock(mu_);
        -: 1231:    notified_ = true;
        -: 1232:    cv_.notify_all();
        -: 1233:  }
        -: 1234:
        -: 1235:  // Blocks until the controller thread notifies. Must be called from a test
        -: 1236:  // thread.
        -: 1237:  void WaitForNotification() {
        -: 1238:    std::unique_lock<std::mutex> lock(mu_);
        -: 1239:    cv_.wait(lock, [this]() { return notified_; });
        -: 1240:  }
        -: 1241:
        -: 1242: private:
        -: 1243:  std::mutex mu_;
        -: 1244:  std::condition_variable cv_;
        -: 1245:  bool notified_;
        -: 1246:};
        -: 1247:#endif  // GTEST_HAS_NOTIFICATION_
        -: 1248:
        -: 1249:// On MinGW, we can have both GTEST_OS_WINDOWS and GTEST_HAS_PTHREAD
        -: 1250:// defined, but we don't want to use MinGW's pthreads implementation, which
        -: 1251:// has conformance problems with some versions of the POSIX standard.
        -: 1252:#if GTEST_HAS_PTHREAD && !GTEST_OS_WINDOWS_MINGW
        -: 1253:
        -: 1254:// As a C-function, ThreadFuncWithCLinkage cannot be templated itself.
        -: 1255:// Consequently, it cannot select a correct instantiation of ThreadWithParam
        -: 1256:// in order to call its Run(). Introducing ThreadWithParamBase as a
        -: 1257:// non-templated base class for ThreadWithParam allows us to bypass this
        -: 1258:// problem.
        -: 1259:class ThreadWithParamBase {
        -: 1260: public:
        -: 1261:  virtual ~ThreadWithParamBase() {}
        -: 1262:  virtual void Run() = 0;
        -: 1263:};
        -: 1264:
        -: 1265:// pthread_create() accepts a pointer to a function type with the C linkage.
        -: 1266:// According to the Standard (7.5/1), function types with different linkages
        -: 1267:// are different even if they are otherwise identical.  Some compilers (for
        -: 1268:// example, SunStudio) treat them as different types.  Since class methods
        -: 1269:// cannot be defined with C-linkage we need to define a free C-function to
        -: 1270:// pass into pthread_create().
        -: 1271:extern "C" inline void* ThreadFuncWithCLinkage(void* thread) {
        -: 1272:  static_cast<ThreadWithParamBase*>(thread)->Run();
        -: 1273:  return nullptr;
        -: 1274:}
        -: 1275:
        -: 1276:// Helper class for testing Google Test's multi-threading constructs.
        -: 1277:// To use it, write:
        -: 1278://
        -: 1279://   void ThreadFunc(int param) { /* Do things with param */ }
        -: 1280://   Notification thread_can_start;
        -: 1281://   ...
        -: 1282://   // The thread_can_start parameter is optional; you can supply NULL.
        -: 1283://   ThreadWithParam<int> thread(&ThreadFunc, 5, &thread_can_start);
        -: 1284://   thread_can_start.Notify();
        -: 1285://
        -: 1286:// These classes are only for testing Google Test's own constructs. Do
        -: 1287:// not use them in user tests, either directly or indirectly.
        -: 1288:template <typename T>
        -: 1289:class ThreadWithParam : public ThreadWithParamBase {
        -: 1290: public:
        -: 1291:  typedef void UserThreadFunc(T);
        -: 1292:
        -: 1293:  ThreadWithParam(UserThreadFunc* func, T param, Notification* thread_can_start)
        -: 1294:      : func_(func),
        -: 1295:        param_(param),
        -: 1296:        thread_can_start_(thread_can_start),
        -: 1297:        finished_(false) {
        -: 1298:    ThreadWithParamBase* const base = this;
        -: 1299:    // The thread can be created only after all fields except thread_
        -: 1300:    // have been initialized.
        -: 1301:    GTEST_CHECK_POSIX_SUCCESS_(
        -: 1302:        pthread_create(&thread_, nullptr, &ThreadFuncWithCLinkage, base));
        -: 1303:  }
        -: 1304:  ~ThreadWithParam() override { Join(); }
        -: 1305:
        -: 1306:  void Join() {
        -: 1307:    if (!finished_) {
        -: 1308:      GTEST_CHECK_POSIX_SUCCESS_(pthread_join(thread_, nullptr));
        -: 1309:      finished_ = true;
        -: 1310:    }
        -: 1311:  }
        -: 1312:
        -: 1313:  void Run() override {
        -: 1314:    if (thread_can_start_ != nullptr) thread_can_start_->WaitForNotification();
        -: 1315:    func_(param_);
        -: 1316:  }
        -: 1317:
        -: 1318: private:
        -: 1319:  UserThreadFunc* const func_;  // User-supplied thread function.
        -: 1320:  const T param_;  // User-supplied parameter to the thread function.
        -: 1321:  // When non-NULL, used to block execution until the controller thread
        -: 1322:  // notifies.
        -: 1323:  Notification* const thread_can_start_;
        -: 1324:  bool finished_;  // true if and only if we know that the thread function has
        -: 1325:                   // finished.
        -: 1326:  pthread_t thread_;  // The native thread object.
        -: 1327:
        -: 1328:  GTEST_DISALLOW_COPY_AND_ASSIGN_(ThreadWithParam);
        -: 1329:};
        -: 1330:#endif  // !GTEST_OS_WINDOWS && GTEST_HAS_PTHREAD ||
        -: 1331:        // GTEST_HAS_MUTEX_AND_THREAD_LOCAL_
        -: 1332:
        -: 1333:#if GTEST_HAS_MUTEX_AND_THREAD_LOCAL_
        -: 1334:// Mutex and ThreadLocal have already been imported into the namespace.
        -: 1335:// Nothing to do here.
        -: 1336:
        -: 1337:#elif GTEST_OS_WINDOWS && !GTEST_OS_WINDOWS_PHONE && !GTEST_OS_WINDOWS_RT
        -: 1338:
        -: 1339:// Mutex implements mutex on Windows platforms.  It is used in conjunction
        -: 1340:// with class MutexLock:
        -: 1341://
        -: 1342://   Mutex mutex;
        -: 1343://   ...
        -: 1344://   MutexLock lock(&mutex);  // Acquires the mutex and releases it at the
        -: 1345://                            // end of the current scope.
        -: 1346://
        -: 1347:// A static Mutex *must* be defined or declared using one of the following
        -: 1348:// macros:
        -: 1349://   GTEST_DEFINE_STATIC_MUTEX_(g_some_mutex);
        -: 1350://   GTEST_DECLARE_STATIC_MUTEX_(g_some_mutex);
        -: 1351://
        -: 1352:// (A non-static Mutex is defined/declared in the usual way).
        -: 1353:class GTEST_API_ Mutex {
        -: 1354: public:
        -: 1355:  enum MutexType { kStatic = 0, kDynamic = 1 };
        -: 1356:  // We rely on kStaticMutex being 0 as it is to what the linker initializes
        -: 1357:  // type_ in static mutexes.  critical_section_ will be initialized lazily
        -: 1358:  // in ThreadSafeLazyInit().
        -: 1359:  enum StaticConstructorSelector { kStaticMutex = 0 };
        -: 1360:
        -: 1361:  // This constructor intentionally does nothing.  It relies on type_ being
        -: 1362:  // statically initialized to 0 (effectively setting it to kStatic) and on
        -: 1363:  // ThreadSafeLazyInit() to lazily initialize the rest of the members.
        -: 1364:  explicit Mutex(StaticConstructorSelector /*dummy*/) {}
        -: 1365:
        -: 1366:  Mutex();
        -: 1367:  ~Mutex();
        -: 1368:
        -: 1369:  void Lock();
        -: 1370:
        -: 1371:  void Unlock();
        -: 1372:
        -: 1373:  // Does nothing if the current thread holds the mutex. Otherwise, crashes
        -: 1374:  // with high probability.
        -: 1375:  void AssertHeld();
        -: 1376:
        -: 1377: private:
        -: 1378:  // Initializes owner_thread_id_ and critical_section_ in static mutexes.
        -: 1379:  void ThreadSafeLazyInit();
        -: 1380:
        -: 1381:  // Per https://blogs.msdn.microsoft.com/oldnewthing/20040223-00/?p=40503,
        -: 1382:  // we assume that 0 is an invalid value for thread IDs.
        -: 1383:  unsigned int owner_thread_id_;
        -: 1384:
        -: 1385:  // For static mutexes, we rely on these members being initialized to zeros
        -: 1386:  // by the linker.
        -: 1387:  MutexType type_;
        -: 1388:  long critical_section_init_phase_;  // NOLINT
        -: 1389:  GTEST_CRITICAL_SECTION* critical_section_;
        -: 1390:
        -: 1391:  GTEST_DISALLOW_COPY_AND_ASSIGN_(Mutex);
        -: 1392:};
        -: 1393:
        -: 1394:#define GTEST_DECLARE_STATIC_MUTEX_(mutex) \
        -: 1395:  extern ::testing::internal::Mutex mutex
        -: 1396:
        -: 1397:#define GTEST_DEFINE_STATIC_MUTEX_(mutex) \
        -: 1398:  ::testing::internal::Mutex mutex(::testing::internal::Mutex::kStaticMutex)
        -: 1399:
        -: 1400:// We cannot name this class MutexLock because the ctor declaration would
        -: 1401:// conflict with a macro named MutexLock, which is defined on some
        -: 1402:// platforms. That macro is used as a defensive measure to prevent against
        -: 1403:// inadvertent misuses of MutexLock like "MutexLock(&mu)" rather than
        -: 1404:// "MutexLock l(&mu)".  Hence the typedef trick below.
        -: 1405:class GTestMutexLock {
        -: 1406: public:
        -: 1407:  explicit GTestMutexLock(Mutex* mutex) : mutex_(mutex) { mutex_->Lock(); }
        -: 1408:
        -: 1409:  ~GTestMutexLock() { mutex_->Unlock(); }
        -: 1410:
        -: 1411: private:
        -: 1412:  Mutex* const mutex_;
        -: 1413:
        -: 1414:  GTEST_DISALLOW_COPY_AND_ASSIGN_(GTestMutexLock);
        -: 1415:};
        -: 1416:
        -: 1417:typedef GTestMutexLock MutexLock;
        -: 1418:
        -: 1419:// Base class for ValueHolder<T>.  Allows a caller to hold and delete a value
        -: 1420:// without knowing its type.
        -: 1421:class ThreadLocalValueHolderBase {
        -: 1422: public:
        -: 1423:  virtual ~ThreadLocalValueHolderBase() {}
        -: 1424:};
        -: 1425:
        -: 1426:// Provides a way for a thread to send notifications to a ThreadLocal
        -: 1427:// regardless of its parameter type.
        -: 1428:class ThreadLocalBase {
        -: 1429: public:
        -: 1430:  // Creates a new ValueHolder<T> object holding a default value passed to
        -: 1431:  // this ThreadLocal<T>'s constructor and returns it.  It is the caller's
        -: 1432:  // responsibility not to call this when the ThreadLocal<T> instance already
        -: 1433:  // has a value on the current thread.
        -: 1434:  virtual ThreadLocalValueHolderBase* NewValueForCurrentThread() const = 0;
        -: 1435:
        -: 1436: protected:
        -: 1437:  ThreadLocalBase() {}
        -: 1438:  virtual ~ThreadLocalBase() {}
        -: 1439:
        -: 1440: private:
        -: 1441:  GTEST_DISALLOW_COPY_AND_ASSIGN_(ThreadLocalBase);
        -: 1442:};
        -: 1443:
        -: 1444:// Maps a thread to a set of ThreadLocals that have values instantiated on that
        -: 1445:// thread and notifies them when the thread exits.  A ThreadLocal instance is
        -: 1446:// expected to persist until all threads it has values on have terminated.
        -: 1447:class GTEST_API_ ThreadLocalRegistry {
        -: 1448: public:
        -: 1449:  // Registers thread_local_instance as having value on the current thread.
        -: 1450:  // Returns a value that can be used to identify the thread from other threads.
        -: 1451:  static ThreadLocalValueHolderBase* GetValueOnCurrentThread(
        -: 1452:      const ThreadLocalBase* thread_local_instance);
        -: 1453:
        -: 1454:  // Invoked when a ThreadLocal instance is destroyed.
        -: 1455:  static void OnThreadLocalDestroyed(
        -: 1456:      const ThreadLocalBase* thread_local_instance);
        -: 1457:};
        -: 1458:
        -: 1459:class GTEST_API_ ThreadWithParamBase {
        -: 1460: public:
        -: 1461:  void Join();
        -: 1462:
        -: 1463: protected:
        -: 1464:  class Runnable {
        -: 1465:   public:
        -: 1466:    virtual ~Runnable() {}
        -: 1467:    virtual void Run() = 0;
        -: 1468:  };
        -: 1469:
        -: 1470:  ThreadWithParamBase(Runnable* runnable, Notification* thread_can_start);
        -: 1471:  virtual ~ThreadWithParamBase();
        -: 1472:
        -: 1473: private:
        -: 1474:  AutoHandle thread_;
        -: 1475:};
        -: 1476:
        -: 1477:// Helper class for testing Google Test's multi-threading constructs.
        -: 1478:template <typename T>
        -: 1479:class ThreadWithParam : public ThreadWithParamBase {
        -: 1480: public:
        -: 1481:  typedef void UserThreadFunc(T);
        -: 1482:
        -: 1483:  ThreadWithParam(UserThreadFunc* func, T param, Notification* thread_can_start)
        -: 1484:      : ThreadWithParamBase(new RunnableImpl(func, param), thread_can_start) {}
        -: 1485:  virtual ~ThreadWithParam() {}
        -: 1486:
        -: 1487: private:
        -: 1488:  class RunnableImpl : public Runnable {
        -: 1489:   public:
        -: 1490:    RunnableImpl(UserThreadFunc* func, T param) : func_(func), param_(param) {}
        -: 1491:    virtual ~RunnableImpl() {}
        -: 1492:    virtual void Run() { func_(param_); }
[...]
        -: 2013:  // to a file on Linux), which is unexpected, so save the previous value, and
        -: 2014:  // restore it after the call.
        -: 2015:  int savedErrno = errno;
        -: 2016:  int isAttyValue = DoIsATTY(fd);
        -: 2017:  errno = savedErrno;
        -: 2018:
        -: 2019:  return isAttyValue;
        -: 2020:}
        -: 2021:
        -: 2022:// Functions deprecated by MSVC 8.0.
        -: 2023:
        -: 2024:GTEST_DISABLE_MSC_DEPRECATED_PUSH_()
        -: 2025:
        -: 2026:// ChDir(), FReopen(), FDOpen(), Read(), Write(), Close(), and
        -: 2027:// StrError() aren't needed on Windows CE at this time and thus not
        -: 2028:// defined there.
        -: 2029:
        -: 2030:#if !GTEST_OS_WINDOWS_MOBILE && !GTEST_OS_WINDOWS_PHONE && \
        -: 2031:    !GTEST_OS_WINDOWS_RT && !GTEST_OS_ESP8266 && !GTEST_OS_XTENSA
        -: 2032:inline int ChDir(const char* dir) { return chdir(dir); }
        -: 2033:#endif
        -: 2034:inline FILE* FOpen(const char* path, const char* mode) {
        -: 2035:#if GTEST_OS_WINDOWS && !GTEST_OS_WINDOWS_MINGW
        -: 2036:  struct wchar_codecvt : public std::codecvt<wchar_t, char, std::mbstate_t> {};
        -: 2037:  std::wstring_convert<wchar_codecvt> converter;
        -: 2038:  std::wstring wide_path = converter.from_bytes(path);
        -: 2039:  std::wstring wide_mode = converter.from_bytes(mode);
        -: 2040:  return _wfopen(wide_path.c_str(), wide_mode.c_str());
        -: 2041:#else   // GTEST_OS_WINDOWS && !GTEST_OS_WINDOWS_MINGW
        -: 2042:  return fopen(path, mode);
        -: 2043:#endif  // GTEST_OS_WINDOWS && !GTEST_OS_WINDOWS_MINGW
        -: 2044:}
        -: 2045:#if !GTEST_OS_WINDOWS_MOBILE
        -: 2046:inline FILE* FReopen(const char* path, const char* mode, FILE* stream) {
        -: 2047:  return freopen(path, mode, stream);
        -: 2048:}
        -: 2049:inline FILE* FDOpen(int fd, const char* mode) { return fdopen(fd, mode); }
        -: 2050:#endif
        -: 2051:inline int FClose(FILE* fp) { return fclose(fp); }
        -: 2052:#if !GTEST_OS_WINDOWS_MOBILE
        -: 2053:inline int Read(int fd, void* buf, unsigned int count) {
        -: 2054:  return static_cast<int>(read(fd, buf, count));
        -: 2055:}
        -: 2056:inline int Write(int fd, const void* buf, unsigned int count) {
        -: 2057:  return static_cast<int>(write(fd, buf, count));
        -: 2058:}
        -: 2059:inline int Close(int fd) { return close(fd); }
        -: 2060:inline const char* StrError(int errnum) { return strerror(errnum); }
        -: 2061:#endif
        -: 2062:inline const char* GetEnv(const char* name) {
        -: 2063:#if GTEST_OS_WINDOWS_MOBILE || GTEST_OS_WINDOWS_PHONE || \
        -: 2064:    GTEST_OS_WINDOWS_RT || GTEST_OS_ESP8266 || GTEST_OS_XTENSA
        -: 2065:  // We are on an embedded platform, which has no environment variables.
        -: 2066:  static_cast<void>(name);  // To prevent 'unused argument' warning.
        -: 2067:  return nullptr;
        -: 2068:#elif defined(__BORLANDC__) || defined(__SunOS_5_8) || defined(__SunOS_5_9)
        -: 2069:  // Environment variables which we programmatically clear will be set to the
        -: 2070:  // empty string rather than unset (NULL).  Handle that case.
        -: 2071:  const char* const env = getenv(name);
        -: 2072:  return (env != nullptr && env[0] != '\0') ? env : nullptr;
        -: 2073:#else
        -: 2074:  return getenv(name);
        -: 2075:#endif
        -: 2076:}
        -: 2077:
        -: 2078:GTEST_DISABLE_MSC_DEPRECATED_POP_()
        -: 2079:
        -: 2080:#if GTEST_OS_WINDOWS_MOBILE
        -: 2081:// Windows CE has no C library. The abort() function is used in
        -: 2082:// several places in Google Test. This implementation provides a reasonable
        -: 2083:// imitation of standard behaviour.
        -: 2084:[[noreturn]] void Abort();
        -: 2085:#else
        -: 2086:[[noreturn]] inline void Abort() { abort(); }
        -: 2087:#endif  // GTEST_OS_WINDOWS_MOBILE
        -: 2088:
        -: 2089:}  // namespace posix
        -: 2090:
        -: 2091:// MSVC "deprecates" snprintf and issues warnings wherever it is used.  In
        -: 2092:// order to avoid these warnings, we need to use _snprintf or _snprintf_s on
        -: 2093:// MSVC-based platforms.  We map the GTEST_SNPRINTF_ macro to the appropriate
        -: 2094:// function in order to achieve that.  We use macro definition here because
        -: 2095:// snprintf is a variadic function.
        -: 2096:#if _MSC_VER && !GTEST_OS_WINDOWS_MOBILE
        -: 2097:// MSVC 2005 and above support variadic macros.
        -: 2098:#define GTEST_SNPRINTF_(buffer, size, format, ...) \
        -: 2099:  _snprintf_s(buffer, size, size, format, __VA_ARGS__)
        -: 2100:#elif defined(_MSC_VER)
        -: 2101:// Windows CE does not define _snprintf_s
        -: 2102:#define GTEST_SNPRINTF_ _snprintf
        -: 2103:#else
        -: 2104:#define GTEST_SNPRINTF_ snprintf
        -: 2105:#endif
        -: 2106:
        -: 2107:// The biggest signed integer type the compiler supports.
        -: 2108://
        -: 2109:// long long is guaranteed to be at least 64-bits in C++11.
        -: 2110:using BiggestInt = long long;  // NOLINT
        -: 2111:
        -: 2112:// The maximum number a BiggestInt can represent.
        -: 2113:constexpr BiggestInt kMaxBiggestInt = (std::numeric_limits<BiggestInt>::max)();
        -: 2114:
        -: 2115:// This template class serves as a compile-time function from size to
        -: 2116:// type.  It maps a size in bytes to a primitive type with that
        -: 2117:// size. e.g.
        -: 2118://
        -: 2119://   TypeWithSize<4>::UInt
        -: 2120://
        -: 2121:// is typedef-ed to be unsigned int (unsigned integer made up of 4
        -: 2122:// bytes).
        -: 2123://
        -: 2124:// Such functionality should belong to STL, but I cannot find it
        -: 2125:// there.
        -: 2126://
        -: 2127:// Google Test uses this class in the implementation of floating-point
        -: 2128:// comparison.
        -: 2129://
        -: 2130:// For now it only handles UInt (unsigned int) as that's all Google Test
        -: 2131:// needs.  Other types can be easily added in the future if need
        -: 2132:// arises.
        -: 2133:template <size_t size>
        -: 2134:class TypeWithSize {
        -: 2135: public:
        -: 2136:  // This prevents the user from using TypeWithSize<N> with incorrect
        -: 2137:  // values of N.
        -: 2138:  using UInt = void;
        -: 2139:};
        -: 2140:
        -: 2141:// The specialization for size 4.
        -: 2142:template <>
        -: 2143:class TypeWithSize<4> {
        -: 2144: public:
        -: 2145:  using Int = std::int32_t;
        -: 2146:  using UInt = std::uint32_t;
        -: 2147:};
        -: 2148:
        -: 2149:// The specialization for size 8.
        -: 2150:template <>
        -: 2151:class TypeWithSize<8> {
        -: 2152: public:
        -: 2153:  using Int = std::int64_t;
        -: 2154:  using UInt = std::uint64_t;
        -: 2155:};
        -: 2156:
        -: 2157:// Integer types of known sizes.
        -: 2158:using TimeInMillis = int64_t;  // Represents time in milliseconds.
        -: 2159:
        -: 2160:// Utilities for command line flags and environment variables.
        -: 2161:
        -: 2162:// Macro for referencing flags.
        -: 2163:#if !defined(GTEST_FLAG)
        -: 2164:#define GTEST_FLAG_NAME_(name) gtest_##name
        -: 2165:#define GTEST_FLAG(name) FLAGS_gtest_##name
        -: 2166:#endif  // !defined(GTEST_FLAG)
        -: 2167:
        -: 2168:// Pick a command line flags implementation.
        -: 2169:#if GTEST_HAS_ABSL
        -: 2170:
        -: 2171:// Macros for defining flags.
        -: 2172:#define GTEST_DEFINE_bool_(name, default_val, doc) \
        -: 2173:  ABSL_FLAG(bool, GTEST_FLAG_NAME_(name), default_val, doc)
        -: 2174:#define GTEST_DEFINE_int32_(name, default_val, doc) \
        -: 2175:  ABSL_FLAG(int32_t, GTEST_FLAG_NAME_(name), default_val, doc)
        -: 2176:#define GTEST_DEFINE_string_(name, default_val, doc) \
        -: 2177:  ABSL_FLAG(std::string, GTEST_FLAG_NAME_(name), default_val, doc)
        -: 2178:
        -: 2179:// Macros for declaring flags.
        -: 2180:#define GTEST_DECLARE_bool_(name) \
        -: 2181:  ABSL_DECLARE_FLAG(bool, GTEST_FLAG_NAME_(name))
        -: 2182:#define GTEST_DECLARE_int32_(name) \
        -: 2183:  ABSL_DECLARE_FLAG(int32_t, GTEST_FLAG_NAME_(name))
        -: 2184:#define GTEST_DECLARE_string_(name) \
        -: 2185:  ABSL_DECLARE_FLAG(std::string, GTEST_FLAG_NAME_(name))
        -: 2186:
        -: 2187:#define GTEST_FLAG_SAVER_ ::absl::FlagSaver
        -: 2188:
        -: 2189:#define GTEST_FLAG_GET(name) ::absl::GetFlag(GTEST_FLAG(name))
        -: 2190:#define GTEST_FLAG_SET(name, value) \
        -: 2191:  (void)(::absl::SetFlag(&GTEST_FLAG(name), value))
        -: 2192:#define GTEST_USE_OWN_FLAGFILE_FLAG_ 0
        -: 2193:
        -: 2194:#else  // GTEST_HAS_ABSL
        -: 2195:
        -: 2196:// Macros for defining flags.
        -: 2197:#define GTEST_DEFINE_bool_(name, default_val, doc)  \
        -: 2198:  namespace testing {                               \
        -: 2199:  GTEST_API_ bool GTEST_FLAG(name) = (default_val); \
        -: 2200:  }                                                 \
        -: 2201:  static_assert(true, "no-op to require trailing semicolon")
        -: 2202:#define GTEST_DEFINE_int32_(name, default_val, doc)         \
        -: 2203:  namespace testing {                                       \
        -: 2204:  GTEST_API_ std::int32_t GTEST_FLAG(name) = (default_val); \
        -: 2205:  }                                                         \
        -: 2206:  static_assert(true, "no-op to require trailing semicolon")
        -: 2207:#define GTEST_DEFINE_string_(name, default_val, doc)         \
        -: 2208:  namespace testing {                                        \
        -: 2209:  GTEST_API_ ::std::string GTEST_FLAG(name) = (default_val); \
        -: 2210:  }                                                          \
        -: 2211:  static_assert(true, "no-op to require trailing semicolon")
        -: 2212:
        -: 2213:// Macros for declaring flags.
        -: 2214:#define GTEST_DECLARE_bool_(name)          \
        -: 2215:  namespace testing {                      \
        -: 2216:  GTEST_API_ extern bool GTEST_FLAG(name); \
        -: 2217:  }                                        \
        -: 2218:  static_assert(true, "no-op to require trailing semicolon")
        -: 2219:#define GTEST_DECLARE_int32_(name)                 \
        -: 2220:  namespace testing {                              \
        -: 2221:  GTEST_API_ extern std::int32_t GTEST_FLAG(name); \
        -: 2222:  }                                                \
        -: 2223:  static_assert(true, "no-op to require trailing semicolon")
        -: 2224:#define GTEST_DECLARE_string_(name)                 \
        -: 2225:  namespace testing {                               \
        -: 2226:  GTEST_API_ extern ::std::string GTEST_FLAG(name); \
        -: 2227:  }                                                 \
        -: 2228:  static_assert(true, "no-op to require trailing semicolon")
        -: 2229:
        -: 2230:#define GTEST_FLAG_SAVER_ ::testing::internal::GTestFlagSaver
        -: 2231:
        -: 2232:#define GTEST_FLAG_GET(name) ::testing::GTEST_FLAG(name)
        -: 2233:#define GTEST_FLAG_SET(name, value) (void)(::testing::GTEST_FLAG(name) = value)
        -: 2234:#define GTEST_USE_OWN_FLAGFILE_FLAG_ 1
        -: 2235:
        -: 2236:#endif  // GTEST_HAS_ABSL
        -: 2237:
        -: 2238:// Thread annotations
        -: 2239:#if !defined(GTEST_EXCLUSIVE_LOCK_REQUIRED_)
        -: 2240:#define GTEST_EXCLUSIVE_LOCK_REQUIRED_(locks)
        -: 2241:#define GTEST_LOCK_EXCLUDED_(locks)
        -: 2242:#endif  // !defined(GTEST_EXCLUSIVE_LOCK_REQUIRED_)
        -: 2243:
        -: 2244:// Parses 'str' for a 32-bit signed integer.  If successful, writes the result
        -: 2245:// to *value and returns true; otherwise leaves *value unchanged and returns
        -: 2246:// false.
        -: 2247:GTEST_API_ bool ParseInt32(const Message& src_text, const char* str,
        -: 2248:                           int32_t* value);
        -: 2249:
        -: 2250:// Parses a bool/int32_t/string from the environment variable
        -: 2251:// corresponding to the given Google Test flag.
        -: 2252:bool BoolFromGTestEnv(const char* flag, bool default_val);
        -: 2253:GTEST_API_ int32_t Int32FromGTestEnv(const char* flag, int32_t default_val);
        -: 2254:std::string OutputFlagAlsoCheckEnvVar();
        -: 2255:const char* StringFromGTestEnv(const char* flag, const char* default_val);
        -: 2256:
        -: 2257:}  // namespace internal
        -: 2258:}  // namespace testing
        -: 2259:
        -: 2260:#if !defined(GTEST_INTERNAL_DEPRECATED)
        -: 2261:
        -: 2262:// Internal Macro to mark an API deprecated, for googletest usage only
        -: 2263:// Usage: class GTEST_INTERNAL_DEPRECATED(message) MyClass or
        -: 2264:// GTEST_INTERNAL_DEPRECATED(message) <return_type> myFunction(); Every usage of
        -: 2265:// a deprecated entity will trigger a warning when compiled with
        -: 2266:// `-Wdeprecated-declarations` option (clang, gcc, any __GNUC__ compiler).
        -: 2267:// For msvc /W3 option will need to be used
        -: 2268:// Note that for 'other' compilers this macro evaluates to nothing to prevent
        -: 2269:// compilations errors.
        -: 2270:#if defined(_MSC_VER)
        -: 2271:#define GTEST_INTERNAL_DEPRECATED(message) __declspec(deprecated(message))
        -: 2272:#elif defined(__GNUC__)
        -: 2273:#define GTEST_INTERNAL_DEPRECATED(message) __attribute__((deprecated(message)))
        -: 2274:#else
        -: 2275:#define GTEST_INTERNAL_DEPRECATED(message)
        -: 2276:#endif
        -: 2277:
        -: 2278:#endif  // !defined(GTEST_INTERNAL_DEPRECATED)
        -: 2279:
        -: 2280:#if GTEST_HAS_ABSL
        -: 2281:// Always use absl::any for UniversalPrinter<> specializations if googletest
        -: 2282:// is built with absl support.
        -: 2283:#define GTEST_INTERNAL_HAS_ANY 1
        -: 2284:#include "absl/types/any.h"
        -: 2285:namespace testing {
        -: 2286:namespace internal {
        -: 2287:using Any = ::absl::any;
        -: 2288:}  // namespace internal
        -: 2289:}  // namespace testing
        -: 2290:#else
        -: 2291:#ifdef __has_include
        -: 2292:#if __has_include(<any>) && __cplusplus >= 201703L
        -: 2293:// Otherwise for C++17 and higher use std::any for UniversalPrinter<>
        -: 2294:// specializations.
        -: 2295:#define GTEST_INTERNAL_HAS_ANY 1
        -: 2296:#include <any>
        -: 2297:namespace testing {
        -: 2298:namespace internal {
        -: 2299:using Any = ::std::any;
        -: 2300:}  // namespace internal
        -: 2301:}  // namespace testing
        -: 2302:// The case where absl is configured NOT to alias std::any is not
        -: 2303:// supported.
        -: 2304:#endif  // __has_include(<any>) && __cplusplus >= 201703L
        -: 2305:#endif  // __has_include
        -: 2306:#endif  // GTEST_HAS_ABSL
        -: 2307:
        -: 2308:#if GTEST_HAS_ABSL
        -: 2309:// Always use absl::optional for UniversalPrinter<> specializations if
        -: 2310:// googletest is built with absl support.
        -: 2311:#define GTEST_INTERNAL_HAS_OPTIONAL 1
        -: 2312:#include "absl/types/optional.h"
        -: 2313:namespace testing {
        -: 2314:namespace internal {
        -: 2315:template <typename T>
        -: 2316:using Optional = ::absl::optional<T>;
        -: 2317:inline ::absl::nullopt_t Nullopt() { return ::absl::nullopt; }
        -: 2318:}  // namespace internal
        -: 2319:}  // namespace testing
        -: 2320:#else
        -: 2321:#ifdef __has_include
        -: 2322:#if __has_include(<optional>) && __cplusplus >= 201703L
        -: 2323:// Otherwise for C++17 and higher use std::optional for UniversalPrinter<>
        -: 2324:// specializations.
        -: 2325:#define GTEST_INTERNAL_HAS_OPTIONAL 1
        -: 2326:#include <optional>
        -: 2327:namespace testing {
        -: 2328:namespace internal {
        -: 2329:template <typename T>
        -: 2330:using Optional = ::std::optional<T>;
        -: 2331:inline ::std::nullopt_t Nullopt() { return ::std::nullopt; }
        -: 2332:}  // namespace internal
        -: 2333:}  // namespace testing
        -: 2334:// The case where absl is configured NOT to alias std::optional is not
        -: 2335:// supported.
        -: 2336:#endif  // __has_include(<optional>) && __cplusplus >= 201703L
        -: 2337:#endif  // __has_include
        -: 2338:#endif  // GTEST_HAS_ABSL
        -: 2339:
        -: 2340:#if GTEST_HAS_ABSL
        -: 2341:// Always use absl::string_view for Matcher<> specializations if googletest
        -: 2342:// is built with absl support.
        -: 2343:#define GTEST_INTERNAL_HAS_STRING_VIEW 1
        -: 2344:#include "absl/strings/string_view.h"
        -: 2345:namespace testing {
        -: 2346:namespace internal {
        -: 2347:using StringView = ::absl::string_view;
        -: 2348:}  // namespace internal
        -: 2349:}  // namespace testing
        -: 2350:#else
        -: 2351:#ifdef __has_include
        -: 2352:#if __has_include(<string_view>) && __cplusplus >= 201703L
        -: 2353:// Otherwise for C++17 and higher use std::string_view for Matcher<>
        -: 2354:// specializations.
        -: 2355:#define GTEST_INTERNAL_HAS_STRING_VIEW 1
        -: 2356:#include <string_view>
        -: 2357:namespace testing {
        -: 2358:namespace internal {
        -: 2359:using StringView = ::std::string_view;
        -: 2360:}  // namespace internal
        -: 2361:}  // namespace testing
        -: 2362:// The case where absl is configured NOT to alias std::string_view is not
        -: 2363:// supported.
        -: 2364:#endif  // __has_include(<string_view>) && __cplusplus >= 201703L
        -: 2365:#endif  // __has_include
        -: 2366:#endif  // GTEST_HAS_ABSL
        -: 2367:
        -: 2368:#if GTEST_HAS_ABSL
        -: 2369:// Always use absl::variant for UniversalPrinter<> specializations if googletest
        -: 2370:// is built with absl support.
        -: 2371:#define GTEST_INTERNAL_HAS_VARIANT 1
        -: 2372:#include "absl/types/variant.h"
        -: 2373:namespace testing {
        -: 2374:namespace internal {
        -: 2375:template <typename... T>
        -: 2376:using Variant = ::absl::variant<T...>;
        -: 2377:}  // namespace internal
        -: 2378:}  // namespace testing
        -: 2379:#else
        -: 2380:#ifdef __has_include
        -: 2381:#if __has_include(<variant>) && __cplusplus >= 201703L
        -: 2382:// Otherwise for C++17 and higher use std::variant for UniversalPrinter<>
        -: 2383:// specializations.
        -: 2384:#define GTEST_INTERNAL_HAS_VARIANT 1
        -: 2385:#include <variant>
        -: 2386:namespace testing {
        -: 2387:namespace internal {
        -: 2388:template <typename... T>
        -: 2389:using Variant = ::std::variant<T...>;
        -: 2390:}  // namespace internal
        -: 2391:}  // namespace testing
        -: 2392:// The case where absl is configured NOT to alias std::variant is not supported.
        -: 2393:#endif  // __has_include(<variant>) && __cplusplus >= 201703L
        -: 2394:#endif  // __has_include
        -: 2395:#endif  // GTEST_HAS_ABSL
        -: 2396:
        -: 2397:#endif  // GOOGLETEST_INCLUDE_GTEST_INTERNAL_GTEST_PORT_H_
